{"D:\\programacion\\Javascript\\Node.js\\API-REST\\disenio-api-nodejs\\index.js": {"path":"D:\\programacion\\Javascript\\Node.js\\API-REST\\disenio-api-nodejs\\index.js","statementMap":{"0":{"start":{"line":1,"column":16},"end":{"line":1,"column":34}},"1":{"start":{"line":2,"column":12},"end":{"line":2,"column":21}},"2":{"start":{"line":3,"column":19},"end":{"line":3,"column":41}},"3":{"start":{"line":4,"column":15},"end":{"line":4,"column":32}},"4":{"start":{"line":5,"column":17},"end":{"line":5,"column":36}},"5":{"start":{"line":6,"column":17},"end":{"line":6,"column":36}},"6":{"start":{"line":7,"column":21},"end":{"line":7,"column":55}},"7":{"start":{"line":9,"column":0},"end":{"line":13,"column":2}},"8":{"start":{"line":14,"column":0},"end":{"line":17,"column":2}},"9":{"start":{"line":15,"column":4},"end":{"line":15,"column":47}},"10":{"start":{"line":16,"column":4},"end":{"line":16,"column":19}},"11":{"start":{"line":19,"column":23},"end":{"line":19,"column":74}},"12":{"start":{"line":20,"column":20},"end":{"line":20,"column":65}},"13":{"start":{"line":21,"column":15},"end":{"line":21,"column":34}},"14":{"start":{"line":22,"column":15},"end":{"line":22,"column":40}},"15":{"start":{"line":23,"column":16},"end":{"line":23,"column":42}},"16":{"start":{"line":25,"column":0},"end":{"line":29,"column":3}},"17":{"start":{"line":27,"column":26},"end":{"line":27,"column":53}},"18":{"start":{"line":31,"column":0},"end":{"line":31,"column":26}},"19":{"start":{"line":33,"column":0},"end":{"line":33,"column":21}},"20":{"start":{"line":34,"column":0},"end":{"line":34,"column":30}},"21":{"start":{"line":36,"column":0},"end":{"line":36,"column":36}},"22":{"start":{"line":37,"column":0},"end":{"line":37,"column":30}},"23":{"start":{"line":39,"column":0},"end":{"line":39,"column":37}},"24":{"start":{"line":40,"column":0},"end":{"line":44,"column":1}},"25":{"start":{"line":41,"column":4},"end":{"line":41,"column":42}},"26":{"start":{"line":43,"column":4},"end":{"line":43,"column":43}},"27":{"start":{"line":47,"column":15},"end":{"line":50,"column":2}},"28":{"start":{"line":48,"column":4},"end":{"line":48,"column":33}},"29":{"start":{"line":48,"column":13},"end":{"line":48,"column":33}},"30":{"start":{"line":49,"column":4},"end":{"line":49,"column":64}},"31":{"start":{"line":52,"column":0},"end":{"line":54,"column":1}}},"fnMap":{"0":{"name":"(anonymous_0)","decl":{"start":{"line":14,"column":32},"end":{"line":14,"column":33}},"loc":{"start":{"line":14,"column":37},"end":{"line":17,"column":1}},"line":14},"1":{"name":"(anonymous_1)","decl":{"start":{"line":27,"column":15},"end":{"line":27,"column":16}},"loc":{"start":{"line":27,"column":26},"end":{"line":27,"column":53}},"line":27},"2":{"name":"(anonymous_2)","decl":{"start":{"line":47,"column":39},"end":{"line":47,"column":40}},"loc":{"start":{"line":47,"column":46},"end":{"line":50,"column":1}},"line":47}},"branchMap":{"0":{"loc":{"start":{"line":40,"column":0},"end":{"line":44,"column":1}},"type":"if","locations":[{"start":{"line":40,"column":0},"end":{"line":44,"column":1}},{"start":{"line":40,"column":0},"end":{"line":44,"column":1}}],"line":40},"1":{"loc":{"start":{"line":48,"column":4},"end":{"line":48,"column":33}},"type":"if","locations":[{"start":{"line":48,"column":4},"end":{"line":48,"column":33}},{"start":{"line":48,"column":4},"end":{"line":48,"column":33}}],"line":48}},"s":{"0":2,"1":2,"2":2,"3":2,"4":2,"5":2,"6":2,"7":2,"8":2,"9":0,"10":0,"11":2,"12":2,"13":2,"14":2,"15":2,"16":2,"17":36,"18":2,"19":2,"20":2,"21":2,"22":2,"23":2,"24":2,"25":0,"26":2,"27":2,"28":2,"29":0,"30":2,"31":2},"f":{"0":0,"1":36,"2":2},"b":{"0":[0,2],"1":[0,2]},"_coverageSchema":"1a1c01bbd47fc00a2c39e90264f33305004495a9","hash":"e0bf31b3fa66145750559c4aa684eeb52cdefadd"}
,"D:\\programacion\\Javascript\\Node.js\\API-REST\\disenio-api-nodejs\\api\\libs\\auth.js": {"path":"D:\\programacion\\Javascript\\Node.js\\API-REST\\disenio-api-nodejs\\api\\libs\\auth.js","statementMap":{"0":{"start":{"line":1,"column":10},"end":{"line":1,"column":31}},"1":{"start":{"line":2,"column":15},"end":{"line":2,"column":32}},"2":{"start":{"line":3,"column":20},"end":{"line":3,"column":43}},"3":{"start":{"line":5,"column":12},"end":{"line":5,"column":41}},"4":{"start":{"line":6,"column":15},"end":{"line":6,"column":38}},"5":{"start":{"line":7,"column":23},"end":{"line":7,"column":69}},"6":{"start":{"line":10,"column":19},"end":{"line":13,"column":1}},"7":{"start":{"line":15,"column":20},"end":{"line":33,"column":2}},"8":{"start":{"line":16,"column":4},"end":{"line":32,"column":10}},"9":{"start":{"line":18,"column":12},"end":{"line":21,"column":13}},"10":{"start":{"line":19,"column":16},"end":{"line":19,"column":94}},"11":{"start":{"line":20,"column":16},"end":{"line":20,"column":40}},"12":{"start":{"line":23,"column":12},"end":{"line":23,"column":102}},"13":{"start":{"line":24,"column":12},"end":{"line":27,"column":14}},"14":{"start":{"line":30,"column":12},"end":{"line":30,"column":74}},"15":{"start":{"line":31,"column":12},"end":{"line":31,"column":28}},"16":{"start":{"line":35,"column":0},"end":{"line":35,"column":29}}},"fnMap":{"0":{"name":"(anonymous_0)","decl":{"start":{"line":15,"column":57},"end":{"line":15,"column":58}},"loc":{"start":{"line":15,"column":79},"end":{"line":33,"column":1}},"line":15},"1":{"name":"(anonymous_1)","decl":{"start":{"line":17,"column":14},"end":{"line":17,"column":15}},"loc":{"start":{"line":17,"column":22},"end":{"line":28,"column":9}},"line":17},"2":{"name":"(anonymous_2)","decl":{"start":{"line":29,"column":15},"end":{"line":29,"column":16}},"loc":{"start":{"line":29,"column":22},"end":{"line":32,"column":9}},"line":29}},"branchMap":{"0":{"loc":{"start":{"line":18,"column":12},"end":{"line":21,"column":13}},"type":"if","locations":[{"start":{"line":18,"column":12},"end":{"line":21,"column":13}},{"start":{"line":18,"column":12},"end":{"line":21,"column":13}}],"line":18}},"s":{"0":2,"1":2,"2":2,"3":2,"4":2,"5":2,"6":2,"7":2,"8":7,"9":7,"10":0,"11":0,"12":7,"13":7,"14":0,"15":0,"16":2},"f":{"0":7,"1":7,"2":0},"b":{"0":[0,7]},"_coverageSchema":"1a1c01bbd47fc00a2c39e90264f33305004495a9","hash":"23c5c1b779180abd2383b6e9a4eea7969768be02"}
,"D:\\programacion\\Javascript\\Node.js\\API-REST\\disenio-api-nodejs\\api\\libs\\errorHandler.js": {"path":"D:\\programacion\\Javascript\\Node.js\\API-REST\\disenio-api-nodejs\\api\\libs\\errorHandler.js","statementMap":{"0":{"start":{"line":1,"column":17},"end":{"line":1,"column":36}},"1":{"start":{"line":2,"column":12},"end":{"line":2,"column":41}},"2":{"start":{"line":4,"column":0},"end":{"line":8,"column":1}},"3":{"start":{"line":5,"column":4},"end":{"line":7,"column":5}},"4":{"start":{"line":6,"column":8},"end":{"line":6,"column":38}},"5":{"start":{"line":10,"column":0},"end":{"line":17,"column":1}},"6":{"start":{"line":11,"column":4},"end":{"line":15,"column":5}},"7":{"start":{"line":12,"column":8},"end":{"line":12,"column":66}},"8":{"start":{"line":13,"column":8},"end":{"line":13,"column":123}},"9":{"start":{"line":14,"column":8},"end":{"line":14,"column":24}},"10":{"start":{"line":16,"column":4},"end":{"line":16,"column":13}},"11":{"start":{"line":19,"column":0},"end":{"line":24,"column":1}},"12":{"start":{"line":20,"column":4},"end":{"line":20,"column":33}},"13":{"start":{"line":21,"column":4},"end":{"line":23,"column":6}},"14":{"start":{"line":25,"column":0},"end":{"line":31,"column":1}},"15":{"start":{"line":26,"column":4},"end":{"line":26,"column":33}},"16":{"start":{"line":27,"column":4},"end":{"line":30,"column":6}}},"fnMap":{"0":{"name":"(anonymous_0)","decl":{"start":{"line":4,"column":24},"end":{"line":4,"column":25}},"loc":{"start":{"line":4,"column":32},"end":{"line":8,"column":1}},"line":4},"1":{"name":"(anonymous_1)","decl":{"start":{"line":5,"column":11},"end":{"line":5,"column":12}},"loc":{"start":{"line":5,"column":37},"end":{"line":7,"column":5}},"line":5},"2":{"name":"(anonymous_2)","decl":{"start":{"line":10,"column":26},"end":{"line":10,"column":27}},"loc":{"start":{"line":10,"column":51},"end":{"line":17,"column":1}},"line":10},"3":{"name":"(anonymous_3)","decl":{"start":{"line":19,"column":27},"end":{"line":19,"column":28}},"loc":{"start":{"line":19,"column":52},"end":{"line":24,"column":1}},"line":19},"4":{"name":"(anonymous_4)","decl":{"start":{"line":25,"column":28},"end":{"line":25,"column":29}},"loc":{"start":{"line":25,"column":53},"end":{"line":31,"column":1}},"line":25}},"branchMap":{"0":{"loc":{"start":{"line":11,"column":4},"end":{"line":15,"column":5}},"type":"if","locations":[{"start":{"line":11,"column":4},"end":{"line":15,"column":5}},{"start":{"line":11,"column":4},"end":{"line":15,"column":5}}],"line":11},"1":{"loc":{"start":{"line":11,"column":8},"end":{"line":11,"column":66}},"type":"binary-expr","locations":[{"start":{"line":11,"column":8},"end":{"line":11,"column":37}},{"start":{"line":11,"column":41},"end":{"line":11,"column":66}}],"line":11},"2":{"loc":{"start":{"line":20,"column":15},"end":{"line":20,"column":32}},"type":"binary-expr","locations":[{"start":{"line":20,"column":15},"end":{"line":20,"column":25}},{"start":{"line":20,"column":29},"end":{"line":20,"column":32}}],"line":20},"3":{"loc":{"start":{"line":26,"column":15},"end":{"line":26,"column":32}},"type":"binary-expr","locations":[{"start":{"line":26,"column":15},"end":{"line":26,"column":25}},{"start":{"line":26,"column":29},"end":{"line":26,"column":32}}],"line":26},"4":{"loc":{"start":{"line":29,"column":15},"end":{"line":29,"column":30}},"type":"binary-expr","locations":[{"start":{"line":29,"column":15},"end":{"line":29,"column":24}},{"start":{"line":29,"column":28},"end":{"line":29,"column":30}}],"line":29}},"s":{"0":2,"1":2,"2":2,"3":16,"4":19,"5":2,"6":7,"7":0,"8":0,"9":0,"10":7,"11":2,"12":0,"13":0,"14":2,"15":7,"16":7},"f":{"0":16,"1":19,"2":7,"3":0,"4":7},"b":{"0":[0,7],"1":[7,7],"2":[0,0],"3":[7,0],"4":[7,0]},"_coverageSchema":"1a1c01bbd47fc00a2c39e90264f33305004495a9","hash":"a849b34edbde9304b4fc95537cdd1ff1d0bc4dde"}
,"D:\\programacion\\Javascript\\Node.js\\API-REST\\disenio-api-nodejs\\api\\resources\\products\\products.controller.js": {"path":"D:\\programacion\\Javascript\\Node.js\\API-REST\\disenio-api-nodejs\\api\\resources\\products\\products.controller.js","statementMap":{"0":{"start":{"line":1,"column":16},"end":{"line":1,"column":43}},"1":{"start":{"line":3,"column":22},"end":{"line":6,"column":1}},"2":{"start":{"line":4,"column":4},"end":{"line":5,"column":15}},"3":{"start":{"line":8,"column":20},"end":{"line":10,"column":1}},"4":{"start":{"line":9,"column":4},"end":{"line":9,"column":27}},"5":{"start":{"line":12,"column":19},"end":{"line":14,"column":1}},"6":{"start":{"line":13,"column":4},"end":{"line":13,"column":31}},"7":{"start":{"line":16,"column":23},"end":{"line":22,"column":1}},"8":{"start":{"line":17,"column":4},"end":{"line":21,"column":6}},"9":{"start":{"line":24,"column":22},"end":{"line":26,"column":1}},"10":{"start":{"line":25,"column":4},"end":{"line":25,"column":40}},"11":{"start":{"line":28,"column":0},"end":{"line":34,"column":1}}},"fnMap":{"0":{"name":"(anonymous_0)","decl":{"start":{"line":3,"column":22},"end":{"line":3,"column":23}},"loc":{"start":{"line":3,"column":42},"end":{"line":6,"column":1}},"line":3},"1":{"name":"(anonymous_1)","decl":{"start":{"line":8,"column":20},"end":{"line":8,"column":21}},"loc":{"start":{"line":8,"column":26},"end":{"line":10,"column":1}},"line":8},"2":{"name":"(anonymous_2)","decl":{"start":{"line":12,"column":19},"end":{"line":12,"column":20}},"loc":{"start":{"line":12,"column":25},"end":{"line":14,"column":1}},"line":12},"3":{"name":"(anonymous_3)","decl":{"start":{"line":16,"column":23},"end":{"line":16,"column":24}},"loc":{"start":{"line":16,"column":50},"end":{"line":22,"column":1}},"line":16},"4":{"name":"(anonymous_4)","decl":{"start":{"line":24,"column":22},"end":{"line":24,"column":23}},"loc":{"start":{"line":24,"column":28},"end":{"line":26,"column":1}},"line":24}},"branchMap":{},"s":{"0":2,"1":2,"2":1,"3":2,"4":0,"5":2,"6":4,"7":2,"8":0,"9":2,"10":0,"11":2},"f":{"0":1,"1":0,"2":4,"3":0,"4":0},"b":{},"_coverageSchema":"1a1c01bbd47fc00a2c39e90264f33305004495a9","hash":"98b3a09404e5d8a18a43ffbb664dbc3737f28340"}
,"D:\\programacion\\Javascript\\Node.js\\API-REST\\disenio-api-nodejs\\api\\resources\\products\\products.errors.js": {"path":"D:\\programacion\\Javascript\\Node.js\\API-REST\\disenio-api-nodejs\\api\\resources\\products\\products.errors.js","statementMap":{"0":{"start":{"line":3,"column":8},"end":{"line":3,"column":23}},"1":{"start":{"line":4,"column":8},"end":{"line":4,"column":90}},"2":{"start":{"line":5,"column":8},"end":{"line":5,"column":25}},"3":{"start":{"line":6,"column":8},"end":{"line":6,"column":38}},"4":{"start":{"line":12,"column":8},"end":{"line":12,"column":23}},"5":{"start":{"line":13,"column":8},"end":{"line":13,"column":98}},"6":{"start":{"line":14,"column":8},"end":{"line":14,"column":25}},"7":{"start":{"line":15,"column":8},"end":{"line":15,"column":38}},"8":{"start":{"line":19,"column":0},"end":{"line":22,"column":1}}},"fnMap":{"0":{"name":"(anonymous_0)","decl":{"start":{"line":2,"column":4},"end":{"line":2,"column":5}},"loc":{"start":{"line":2,"column":25},"end":{"line":7,"column":5}},"line":2},"1":{"name":"(anonymous_1)","decl":{"start":{"line":11,"column":4},"end":{"line":11,"column":5}},"loc":{"start":{"line":11,"column":25},"end":{"line":16,"column":5}},"line":11}},"branchMap":{"0":{"loc":{"start":{"line":4,"column":23},"end":{"line":4,"column":90}},"type":"binary-expr","locations":[{"start":{"line":4,"column":23},"end":{"line":4,"column":30}},{"start":{"line":4,"column":34},"end":{"line":4,"column":90}}],"line":4},"1":{"loc":{"start":{"line":13,"column":23},"end":{"line":13,"column":98}},"type":"binary-expr","locations":[{"start":{"line":13,"column":23},"end":{"line":13,"column":30}},{"start":{"line":13,"column":34},"end":{"line":13,"column":98}}],"line":13}},"s":{"0":2,"1":2,"2":2,"3":2,"4":1,"5":1,"6":1,"7":1,"8":2},"f":{"0":2,"1":1},"b":{"0":[2,0],"1":[1,0]},"_coverageSchema":"1a1c01bbd47fc00a2c39e90264f33305004495a9","hash":"df7129aff50f751417db209d1418f372856b16b7"}
,"D:\\programacion\\Javascript\\Node.js\\API-REST\\disenio-api-nodejs\\api\\resources\\products\\products.model.js": {"path":"D:\\programacion\\Javascript\\Node.js\\API-REST\\disenio-api-nodejs\\api\\resources\\products\\products.model.js","statementMap":{"0":{"start":{"line":1,"column":17},"end":{"line":1,"column":36}},"1":{"start":{"line":3,"column":22},"end":{"line":23,"column":2}},"2":{"start":{"line":25,"column":0},"end":{"line":25,"column":57}}},"fnMap":{},"branchMap":{},"s":{"0":2,"1":2,"2":2},"f":{},"b":{},"_coverageSchema":"1a1c01bbd47fc00a2c39e90264f33305004495a9","hash":"be91ecc8043039ea8d70741c14b0fe61d1ad6b2d"}
,"D:\\programacion\\Javascript\\Node.js\\API-REST\\disenio-api-nodejs\\api\\resources\\products\\products.routes.js": {"path":"D:\\programacion\\Javascript\\Node.js\\API-REST\\disenio-api-nodejs\\api\\resources\\products\\products.routes.js","statementMap":{"0":{"start":{"line":1,"column":16},"end":{"line":1,"column":34}},"1":{"start":{"line":2,"column":13},"end":{"line":2,"column":31}},"2":{"start":{"line":3,"column":10},"end":{"line":3,"column":31}},"3":{"start":{"line":4,"column":17},"end":{"line":4,"column":36}},"4":{"start":{"line":6,"column":23},"end":{"line":6,"column":39}},"5":{"start":{"line":7,"column":12},"end":{"line":7,"column":44}},"6":{"start":{"line":8,"column":26},"end":{"line":8,"column":58}},"7":{"start":{"line":9,"column":24},"end":{"line":9,"column":54}},"8":{"start":{"line":10,"column":25},"end":{"line":10,"column":72}},"9":{"start":{"line":11,"column":26},"end":{"line":11,"column":60}},"10":{"start":{"line":12,"column":47},"end":{"line":12,"column":75}},"11":{"start":{"line":14,"column":19},"end":{"line":22,"column":1}},"12":{"start":{"line":15,"column":19},"end":{"line":15,"column":29}},"13":{"start":{"line":17,"column":4},"end":{"line":20,"column":5}},"14":{"start":{"line":18,"column":8},"end":{"line":18,"column":82}},"15":{"start":{"line":19,"column":8},"end":{"line":19,"column":14}},"16":{"start":{"line":21,"column":4},"end":{"line":21,"column":10}},"17":{"start":{"line":24,"column":0},"end":{"line":29,"column":3}},"18":{"start":{"line":25,"column":4},"end":{"line":28,"column":10}},"19":{"start":{"line":27,"column":12},"end":{"line":27,"column":30}},"20":{"start":{"line":31,"column":0},"end":{"line":37,"column":3}},"21":{"start":{"line":32,"column":4},"end":{"line":36,"column":10}},"22":{"start":{"line":34,"column":12},"end":{"line":34,"column":86}},"23":{"start":{"line":35,"column":12},"end":{"line":35,"column":41}},"24":{"start":{"line":39,"column":0},"end":{"line":46,"column":3}},"25":{"start":{"line":40,"column":19},"end":{"line":40,"column":29}},"26":{"start":{"line":41,"column":4},"end":{"line":45,"column":10}},"27":{"start":{"line":43,"column":12},"end":{"line":43,"column":88}},"28":{"start":{"line":43,"column":25},"end":{"line":43,"column":88}},"29":{"start":{"line":44,"column":12},"end":{"line":44,"column":29}},"30":{"start":{"line":49,"column":0},"end":{"line":66,"column":3}},"31":{"start":{"line":50,"column":19},"end":{"line":50,"column":29}},"32":{"start":{"line":51,"column":25},"end":{"line":51,"column":33}},"33":{"start":{"line":53,"column":25},"end":{"line":53,"column":63}},"34":{"start":{"line":54,"column":4},"end":{"line":56,"column":5}},"35":{"start":{"line":55,"column":8},"end":{"line":55,"column":75}},"36":{"start":{"line":58,"column":4},"end":{"line":61,"column":5}},"37":{"start":{"line":59,"column":8},"end":{"line":59,"column":148}},"38":{"start":{"line":60,"column":8},"end":{"line":60,"column":128}},"39":{"start":{"line":63,"column":4},"end":{"line":63,"column":83}},"40":{"start":{"line":64,"column":4},"end":{"line":64,"column":102}},"41":{"start":{"line":65,"column":4},"end":{"line":65,"column":28}},"42":{"start":{"line":68,"column":0},"end":{"line":87,"column":3}},"43":{"start":{"line":69,"column":19},"end":{"line":69,"column":29}},"44":{"start":{"line":71,"column":24},"end":{"line":71,"column":62}},"45":{"start":{"line":72,"column":4},"end":{"line":75,"column":5}},"46":{"start":{"line":73,"column":8},"end":{"line":73,"column":69}},"47":{"start":{"line":74,"column":8},"end":{"line":74,"column":91}},"48":{"start":{"line":77,"column":21},"end":{"line":77,"column":38}},"49":{"start":{"line":78,"column":4},"end":{"line":81,"column":5}},"50":{"start":{"line":79,"column":8},"end":{"line":79,"column":147}},"51":{"start":{"line":80,"column":8},"end":{"line":80,"column":123}},"52":{"start":{"line":83,"column":4},"end":{"line":83,"column":61}},"53":{"start":{"line":84,"column":4},"end":{"line":84,"column":52}},"54":{"start":{"line":85,"column":4},"end":{"line":85,"column":27}},"55":{"start":{"line":89,"column":0},"end":{"line":89,"column":31}}},"fnMap":{"0":{"name":"(anonymous_0)","decl":{"start":{"line":14,"column":19},"end":{"line":14,"column":20}},"loc":{"start":{"line":14,"column":39},"end":{"line":22,"column":1}},"line":14},"1":{"name":"(anonymous_1)","decl":{"start":{"line":24,"column":38},"end":{"line":24,"column":39}},"loc":{"start":{"line":24,"column":52},"end":{"line":29,"column":1}},"line":24},"2":{"name":"(anonymous_2)","decl":{"start":{"line":26,"column":14},"end":{"line":26,"column":15}},"loc":{"start":{"line":26,"column":26},"end":{"line":28,"column":9}},"line":26},"3":{"name":"(anonymous_3)","decl":{"start":{"line":31,"column":76},"end":{"line":31,"column":77}},"loc":{"start":{"line":31,"column":90},"end":{"line":37,"column":1}},"line":31},"4":{"name":"(anonymous_4)","decl":{"start":{"line":33,"column":14},"end":{"line":33,"column":15}},"loc":{"start":{"line":33,"column":25},"end":{"line":36,"column":9}},"line":33},"5":{"name":"(anonymous_5)","decl":{"start":{"line":39,"column":53},"end":{"line":39,"column":54}},"loc":{"start":{"line":39,"column":67},"end":{"line":46,"column":1}},"line":39},"6":{"name":"(anonymous_6)","decl":{"start":{"line":42,"column":14},"end":{"line":42,"column":15}},"loc":{"start":{"line":42,"column":25},"end":{"line":45,"column":9}},"line":42},"7":{"name":"(anonymous_7)","decl":{"start":{"line":49,"column":91},"end":{"line":49,"column":92}},"loc":{"start":{"line":49,"column":111},"end":{"line":66,"column":1}},"line":49},"8":{"name":"(anonymous_8)","decl":{"start":{"line":68,"column":76},"end":{"line":68,"column":77}},"loc":{"start":{"line":68,"column":96},"end":{"line":87,"column":1}},"line":68}},"branchMap":{"0":{"loc":{"start":{"line":17,"column":4},"end":{"line":20,"column":5}},"type":"if","locations":[{"start":{"line":17,"column":4},"end":{"line":20,"column":5}},{"start":{"line":17,"column":4},"end":{"line":20,"column":5}}],"line":17},"1":{"loc":{"start":{"line":43,"column":12},"end":{"line":43,"column":88}},"type":"if","locations":[{"start":{"line":43,"column":12},"end":{"line":43,"column":88}},{"start":{"line":43,"column":12},"end":{"line":43,"column":88}}],"line":43},"2":{"loc":{"start":{"line":54,"column":4},"end":{"line":56,"column":5}},"type":"if","locations":[{"start":{"line":54,"column":4},"end":{"line":56,"column":5}},{"start":{"line":54,"column":4},"end":{"line":56,"column":5}}],"line":54},"3":{"loc":{"start":{"line":58,"column":4},"end":{"line":61,"column":5}},"type":"if","locations":[{"start":{"line":58,"column":4},"end":{"line":61,"column":5}},{"start":{"line":58,"column":4},"end":{"line":61,"column":5}}],"line":58},"4":{"loc":{"start":{"line":72,"column":4},"end":{"line":75,"column":5}},"type":"if","locations":[{"start":{"line":72,"column":4},"end":{"line":75,"column":5}},{"start":{"line":72,"column":4},"end":{"line":75,"column":5}}],"line":72},"5":{"loc":{"start":{"line":78,"column":4},"end":{"line":81,"column":5}},"type":"if","locations":[{"start":{"line":78,"column":4},"end":{"line":81,"column":5}},{"start":{"line":78,"column":4},"end":{"line":81,"column":5}}],"line":78}},"s":{"0":2,"1":2,"2":2,"3":2,"4":2,"5":2,"6":2,"7":2,"8":2,"9":2,"10":2,"11":2,"12":6,"13":6,"14":2,"15":2,"16":4,"17":2,"18":0,"19":0,"20":2,"21":1,"22":1,"23":1,"24":2,"25":2,"26":2,"27":2,"28":1,"29":1,"30":2,"31":0,"32":0,"33":0,"34":0,"35":0,"36":0,"37":0,"38":0,"39":0,"40":0,"41":0,"42":2,"43":2,"44":2,"45":2,"46":1,"47":1,"48":1,"49":1,"50":1,"51":1,"52":0,"53":0,"54":0,"55":2},"f":{"0":6,"1":0,"2":0,"3":1,"4":1,"5":2,"6":2,"7":0,"8":2},"b":{"0":[2,4],"1":[1,1],"2":[0,0],"3":[0,0],"4":[1,1],"5":[1,0]},"_coverageSchema":"1a1c01bbd47fc00a2c39e90264f33305004495a9","hash":"504f2a6387499e751d42140df8f644b46e13c583"}
,"D:\\programacion\\Javascript\\Node.js\\API-REST\\disenio-api-nodejs\\api\\resources\\products\\products.validate.js": {"path":"D:\\programacion\\Javascript\\Node.js\\API-REST\\disenio-api-nodejs\\api\\resources\\products\\products.validate.js","statementMap":{"0":{"start":{"line":1,"column":12},"end":{"line":1,"column":32}},"1":{"start":{"line":2,"column":12},"end":{"line":2,"column":44}},"2":{"start":{"line":4,"column":25},"end":{"line":8,"column":2}},"3":{"start":{"line":10,"column":0},"end":{"line":19,"column":1}},"4":{"start":{"line":11,"column":17},"end":{"line":11,"column":91}},"5":{"start":{"line":12,"column":4},"end":{"line":18,"column":5}},"6":{"start":{"line":13,"column":8},"end":{"line":13,"column":14}},"7":{"start":{"line":15,"column":23},"end":{"line":15,"column":94}},"8":{"start":{"line":15,"column":65},"end":{"line":15,"column":89}},"9":{"start":{"line":16,"column":8},"end":{"line":16,"column":81}},"10":{"start":{"line":17,"column":8},"end":{"line":17,"column":129}}},"fnMap":{"0":{"name":"(anonymous_0)","decl":{"start":{"line":10,"column":17},"end":{"line":10,"column":18}},"loc":{"start":{"line":10,"column":37},"end":{"line":19,"column":1}},"line":10},"1":{"name":"(anonymous_1)","decl":{"start":{"line":15,"column":51},"end":{"line":15,"column":52}},"loc":{"start":{"line":15,"column":65},"end":{"line":15,"column":89}},"line":15}},"branchMap":{"0":{"loc":{"start":{"line":12,"column":4},"end":{"line":18,"column":5}},"type":"if","locations":[{"start":{"line":12,"column":4},"end":{"line":18,"column":5}},{"start":{"line":12,"column":4},"end":{"line":18,"column":5}}],"line":12}},"s":{"0":2,"1":2,"2":2,"3":2,"4":4,"5":4,"6":1,"7":3,"8":3,"9":3,"10":3},"f":{"0":4,"1":3},"b":{"0":[1,3]},"_coverageSchema":"1a1c01bbd47fc00a2c39e90264f33305004495a9","hash":"2bd6f5fd2fb4322fb1a5fd4468c44faff9dfc294"}
,"D:\\programacion\\Javascript\\Node.js\\API-REST\\disenio-api-nodejs\\api\\resources\\users\\users.controller.js": {"path":"D:\\programacion\\Javascript\\Node.js\\API-REST\\disenio-api-nodejs\\api\\resources\\users\\users.controller.js","statementMap":{"0":{"start":{"line":1,"column":13},"end":{"line":1,"column":37}},"1":{"start":{"line":3,"column":17},"end":{"line":5,"column":1}},"2":{"start":{"line":4,"column":4},"end":{"line":4,"column":24}},"3":{"start":{"line":7,"column":19},"end":{"line":12,"column":1}},"4":{"start":{"line":8,"column":4},"end":{"line":11,"column":13}},"5":{"start":{"line":14,"column":19},"end":{"line":20,"column":1}},"6":{"start":{"line":15,"column":4},"end":{"line":19,"column":6}},"7":{"start":{"line":16,"column":8},"end":{"line":18,"column":38}},"8":{"start":{"line":17,"column":27},"end":{"line":17,"column":52}},"9":{"start":{"line":18,"column":26},"end":{"line":18,"column":37}},"10":{"start":{"line":22,"column":16},"end":{"line":27,"column":1}},"11":{"start":{"line":23,"column":4},"end":{"line":23,"column":48}},"12":{"start":{"line":23,"column":17},"end":{"line":23,"column":48}},"13":{"start":{"line":24,"column":4},"end":{"line":24,"column":35}},"14":{"start":{"line":24,"column":11},"end":{"line":24,"column":35}},"15":{"start":{"line":25,"column":4},"end":{"line":25,"column":42}},"16":{"start":{"line":25,"column":14},"end":{"line":25,"column":42}},"17":{"start":{"line":26,"column":4},"end":{"line":26,"column":104}},"18":{"start":{"line":29,"column":0},"end":{"line":34,"column":1}}},"fnMap":{"0":{"name":"(anonymous_0)","decl":{"start":{"line":3,"column":17},"end":{"line":3,"column":18}},"loc":{"start":{"line":3,"column":23},"end":{"line":5,"column":1}},"line":3},"1":{"name":"(anonymous_1)","decl":{"start":{"line":7,"column":19},"end":{"line":7,"column":20}},"loc":{"start":{"line":7,"column":45},"end":{"line":12,"column":1}},"line":7},"2":{"name":"(anonymous_2)","decl":{"start":{"line":14,"column":19},"end":{"line":14,"column":20}},"loc":{"start":{"line":14,"column":40},"end":{"line":20,"column":1}},"line":14},"3":{"name":"(anonymous_3)","decl":{"start":{"line":15,"column":23},"end":{"line":15,"column":24}},"loc":{"start":{"line":15,"column":44},"end":{"line":19,"column":5}},"line":15},"4":{"name":"(anonymous_4)","decl":{"start":{"line":17,"column":18},"end":{"line":17,"column":19}},"loc":{"start":{"line":17,"column":27},"end":{"line":17,"column":52}},"line":17},"5":{"name":"(anonymous_5)","decl":{"start":{"line":18,"column":19},"end":{"line":18,"column":20}},"loc":{"start":{"line":18,"column":26},"end":{"line":18,"column":37}},"line":18},"6":{"name":"(anonymous_6)","decl":{"start":{"line":22,"column":16},"end":{"line":22,"column":17}},"loc":{"start":{"line":22,"column":45},"end":{"line":27,"column":1}},"line":22}},"branchMap":{"0":{"loc":{"start":{"line":23,"column":4},"end":{"line":23,"column":48}},"type":"if","locations":[{"start":{"line":23,"column":4},"end":{"line":23,"column":48}},{"start":{"line":23,"column":4},"end":{"line":23,"column":48}}],"line":23},"1":{"loc":{"start":{"line":24,"column":4},"end":{"line":24,"column":35}},"type":"if","locations":[{"start":{"line":24,"column":4},"end":{"line":24,"column":35}},{"start":{"line":24,"column":4},"end":{"line":24,"column":35}}],"line":24},"2":{"loc":{"start":{"line":25,"column":4},"end":{"line":25,"column":42}},"type":"if","locations":[{"start":{"line":25,"column":4},"end":{"line":25,"column":42}},{"start":{"line":25,"column":4},"end":{"line":25,"column":42}}],"line":25}},"s":{"0":2,"1":2,"2":2,"3":2,"4":4,"5":2,"6":6,"7":6,"8":6,"9":0,"10":2,"11":13,"12":6,"13":7,"14":7,"15":0,"16":0,"17":0,"18":2},"f":{"0":2,"1":4,"2":6,"3":6,"4":6,"5":0,"6":13},"b":{"0":[6,7],"1":[7,0],"2":[0,0]},"_coverageSchema":"1a1c01bbd47fc00a2c39e90264f33305004495a9","hash":"cbdbc3b880ff46ec0a26efb90cfbf37418da65a5"}
,"D:\\programacion\\Javascript\\Node.js\\API-REST\\disenio-api-nodejs\\api\\resources\\users\\users.errors.js": {"path":"D:\\programacion\\Javascript\\Node.js\\API-REST\\disenio-api-nodejs\\api\\resources\\users\\users.errors.js","statementMap":{"0":{"start":{"line":3,"column":8},"end":{"line":3,"column":23}},"1":{"start":{"line":4,"column":8},"end":{"line":4,"column":87}},"2":{"start":{"line":5,"column":8},"end":{"line":5,"column":25}},"3":{"start":{"line":6,"column":8},"end":{"line":6,"column":43}},"4":{"start":{"line":12,"column":8},"end":{"line":12,"column":23}},"5":{"start":{"line":13,"column":8},"end":{"line":13,"column":114}},"6":{"start":{"line":14,"column":8},"end":{"line":14,"column":25}},"7":{"start":{"line":15,"column":8},"end":{"line":15,"column":45}},"8":{"start":{"line":19,"column":0},"end":{"line":22,"column":1}}},"fnMap":{"0":{"name":"(anonymous_0)","decl":{"start":{"line":2,"column":4},"end":{"line":2,"column":5}},"loc":{"start":{"line":2,"column":25},"end":{"line":7,"column":5}},"line":2},"1":{"name":"(anonymous_1)","decl":{"start":{"line":11,"column":4},"end":{"line":11,"column":5}},"loc":{"start":{"line":11,"column":25},"end":{"line":16,"column":5}},"line":11}},"branchMap":{"0":{"loc":{"start":{"line":4,"column":23},"end":{"line":4,"column":87}},"type":"binary-expr","locations":[{"start":{"line":4,"column":23},"end":{"line":4,"column":30}},{"start":{"line":4,"column":34},"end":{"line":4,"column":87}}],"line":4},"1":{"loc":{"start":{"line":13,"column":23},"end":{"line":13,"column":114}},"type":"binary-expr","locations":[{"start":{"line":13,"column":23},"end":{"line":13,"column":30}},{"start":{"line":13,"column":34},"end":{"line":13,"column":114}}],"line":13}},"s":{"0":2,"1":2,"2":2,"3":2,"4":2,"5":2,"6":2,"7":2,"8":2},"f":{"0":2,"1":2},"b":{"0":[2,2],"1":[2,2]},"_coverageSchema":"1a1c01bbd47fc00a2c39e90264f33305004495a9","hash":"38756711803934be422565cf529963d9be84eec6"}
,"D:\\programacion\\Javascript\\Node.js\\API-REST\\disenio-api-nodejs\\api\\resources\\users\\users.model.js": {"path":"D:\\programacion\\Javascript\\Node.js\\API-REST\\disenio-api-nodejs\\api\\resources\\users\\users.model.js","statementMap":{"0":{"start":{"line":1,"column":17},"end":{"line":1,"column":36}},"1":{"start":{"line":3,"column":19},"end":{"line":19,"column":2}},"2":{"start":{"line":21,"column":0},"end":{"line":21,"column":51}}},"fnMap":{},"branchMap":{},"s":{"0":2,"1":2,"2":2},"f":{},"b":{},"_coverageSchema":"1a1c01bbd47fc00a2c39e90264f33305004495a9","hash":"bf60aa34b7757659c70516e2037210b0ee86ecc2"}
,"D:\\programacion\\Javascript\\Node.js\\API-REST\\disenio-api-nodejs\\api\\resources\\users\\users.routes.js": {"path":"D:\\programacion\\Javascript\\Node.js\\API-REST\\disenio-api-nodejs\\api\\resources\\users\\users.routes.js","statementMap":{"0":{"start":{"line":1,"column":16},"end":{"line":1,"column":34}},"1":{"start":{"line":2,"column":13},"end":{"line":2,"column":31}},"2":{"start":{"line":3,"column":10},"end":{"line":3,"column":31}},"3":{"start":{"line":4,"column":12},"end":{"line":4,"column":44}},"4":{"start":{"line":5,"column":15},"end":{"line":5,"column":32}},"5":{"start":{"line":6,"column":12},"end":{"line":6,"column":35}},"6":{"start":{"line":7,"column":20},"end":{"line":7,"column":36}},"7":{"start":{"line":8,"column":38},"end":{"line":8,"column":65}},"8":{"start":{"line":9,"column":15},"end":{"line":9,"column":41}},"9":{"start":{"line":10,"column":23},"end":{"line":10,"column":52}},"10":{"start":{"line":11,"column":26},"end":{"line":11,"column":60}},"11":{"start":{"line":12,"column":59},"end":{"line":12,"column":84}},"12":{"start":{"line":15,"column":32},"end":{"line":19,"column":1}},"13":{"start":{"line":16,"column":4},"end":{"line":16,"column":78}},"14":{"start":{"line":17,"column":4},"end":{"line":17,"column":69}},"15":{"start":{"line":18,"column":4},"end":{"line":18,"column":10}},"16":{"start":{"line":21,"column":0},"end":{"line":26,"column":3}},"17":{"start":{"line":22,"column":4},"end":{"line":25,"column":10}},"18":{"start":{"line":24,"column":12},"end":{"line":24,"column":27}},"19":{"start":{"line":28,"column":0},"end":{"line":44,"column":3}},"20":{"start":{"line":29,"column":20},"end":{"line":29,"column":28}},"21":{"start":{"line":30,"column":4},"end":{"line":43,"column":10}},"22":{"start":{"line":32,"column":12},"end":{"line":35,"column":13}},"23":{"start":{"line":33,"column":16},"end":{"line":33,"column":116}},"24":{"start":{"line":34,"column":16},"end":{"line":34,"column":49}},"25":{"start":{"line":36,"column":12},"end":{"line":36,"column":52}},"26":{"start":{"line":39,"column":12},"end":{"line":42,"column":18}},"27":{"start":{"line":41,"column":20},"end":{"line":41,"column":72}},"28":{"start":{"line":46,"column":0},"end":{"line":71,"column":3}},"29":{"start":{"line":47,"column":33},"end":{"line":47,"column":41}},"30":{"start":{"line":48,"column":25},"end":{"line":50,"column":6}},"31":{"start":{"line":52,"column":4},"end":{"line":55,"column":5}},"32":{"start":{"line":53,"column":8},"end":{"line":53,"column":98}},"33":{"start":{"line":54,"column":8},"end":{"line":54,"column":43}},"34":{"start":{"line":57,"column":28},"end":{"line":57,"column":104}},"35":{"start":{"line":58,"column":4},"end":{"line":69,"column":5}},"36":{"start":{"line":60,"column":20},"end":{"line":62,"column":67}},"37":{"start":{"line":63,"column":8},"end":{"line":63,"column":81}},"38":{"start":{"line":64,"column":8},"end":{"line":64,"column":27}},"39":{"start":{"line":67,"column":8},"end":{"line":67,"column":112}},"40":{"start":{"line":68,"column":8},"end":{"line":68,"column":43}},"41":{"start":{"line":73,"column":0},"end":{"line":73,"column":28}}},"fnMap":{"0":{"name":"(anonymous_0)","decl":{"start":{"line":15,"column":32},"end":{"line":15,"column":33}},"loc":{"start":{"line":15,"column":52},"end":{"line":19,"column":1}},"line":15},"1":{"name":"(anonymous_1)","decl":{"start":{"line":21,"column":35},"end":{"line":21,"column":36}},"loc":{"start":{"line":21,"column":49},"end":{"line":26,"column":1}},"line":21},"2":{"name":"(anonymous_2)","decl":{"start":{"line":23,"column":14},"end":{"line":23,"column":15}},"loc":{"start":{"line":23,"column":23},"end":{"line":25,"column":9}},"line":23},"3":{"name":"(anonymous_3)","decl":{"start":{"line":28,"column":77},"end":{"line":28,"column":78}},"loc":{"start":{"line":28,"column":91},"end":{"line":44,"column":1}},"line":28},"4":{"name":"(anonymous_4)","decl":{"start":{"line":31,"column":14},"end":{"line":31,"column":15}},"loc":{"start":{"line":31,"column":24},"end":{"line":37,"column":9}},"line":31},"5":{"name":"(anonymous_5)","decl":{"start":{"line":38,"column":14},"end":{"line":38,"column":15}},"loc":{"start":{"line":38,"column":32},"end":{"line":43,"column":9}},"line":38},"6":{"name":"(anonymous_6)","decl":{"start":{"line":40,"column":22},"end":{"line":40,"column":23}},"loc":{"start":{"line":40,"column":30},"end":{"line":42,"column":17}},"line":40},"7":{"name":"(anonymous_7)","decl":{"start":{"line":46,"column":83},"end":{"line":46,"column":84}},"loc":{"start":{"line":46,"column":103},"end":{"line":71,"column":1}},"line":46}},"branchMap":{"0":{"loc":{"start":{"line":16,"column":4},"end":{"line":16,"column":78}},"type":"binary-expr","locations":[{"start":{"line":16,"column":4},"end":{"line":16,"column":21}},{"start":{"line":16,"column":26},"end":{"line":16,"column":77}}],"line":16},"1":{"loc":{"start":{"line":17,"column":4},"end":{"line":17,"column":69}},"type":"binary-expr","locations":[{"start":{"line":17,"column":4},"end":{"line":17,"column":18}},{"start":{"line":17,"column":23},"end":{"line":17,"column":68}}],"line":17},"2":{"loc":{"start":{"line":32,"column":12},"end":{"line":35,"column":13}},"type":"if","locations":[{"start":{"line":32,"column":12},"end":{"line":35,"column":13}},{"start":{"line":32,"column":12},"end":{"line":35,"column":13}}],"line":32},"3":{"loc":{"start":{"line":52,"column":4},"end":{"line":55,"column":5}},"type":"if","locations":[{"start":{"line":52,"column":4},"end":{"line":55,"column":5}},{"start":{"line":52,"column":4},"end":{"line":55,"column":5}}],"line":52},"4":{"loc":{"start":{"line":58,"column":4},"end":{"line":69,"column":5}},"type":"if","locations":[{"start":{"line":58,"column":4},"end":{"line":69,"column":5}},{"start":{"line":58,"column":4},"end":{"line":69,"column":5}}],"line":58}},"s":{"0":2,"1":2,"2":2,"3":2,"4":2,"5":2,"6":2,"7":2,"8":2,"9":2,"10":2,"11":2,"12":2,"13":12,"14":12,"15":12,"16":2,"17":2,"18":2,"19":2,"20":6,"21":6,"22":6,"23":2,"24":2,"25":4,"26":4,"27":4,"28":2,"29":6,"30":6,"31":6,"32":1,"33":1,"34":5,"35":5,"36":4,"37":4,"38":4,"39":1,"40":1,"41":2},"f":{"0":12,"1":2,"2":2,"3":6,"4":6,"5":4,"6":4,"7":6},"b":{"0":[12,12],"1":[12,6],"2":[2,4],"3":[1,5],"4":[4,1]},"_coverageSchema":"1a1c01bbd47fc00a2c39e90264f33305004495a9","hash":"c2d4b63ac15cdaddc238bbcc0712703f1c37b9ca"}
,"D:\\programacion\\Javascript\\Node.js\\API-REST\\disenio-api-nodejs\\api\\resources\\users\\users.validate.js": {"path":"D:\\programacion\\Javascript\\Node.js\\API-REST\\disenio-api-nodejs\\api\\resources\\users\\users.validate.js","statementMap":{"0":{"start":{"line":1,"column":12},"end":{"line":1,"column":26}},"1":{"start":{"line":2,"column":12},"end":{"line":2,"column":44}},"2":{"start":{"line":4,"column":22},"end":{"line":8,"column":2}},"3":{"start":{"line":10,"column":0},"end":{"line":18,"column":1}},"4":{"start":{"line":11,"column":17},"end":{"line":11,"column":88}},"5":{"start":{"line":12,"column":4},"end":{"line":17,"column":5}},"6":{"start":{"line":13,"column":8},"end":{"line":13,"column":14}},"7":{"start":{"line":15,"column":8},"end":{"line":15,"column":94}},"8":{"start":{"line":15,"column":81},"end":{"line":15,"column":92}},"9":{"start":{"line":16,"column":8},"end":{"line":16,"column":247}},"10":{"start":{"line":20,"column":23},"end":{"line":23,"column":2}},"11":{"start":{"line":25,"column":0},"end":{"line":32,"column":1}},"12":{"start":{"line":26,"column":19},"end":{"line":26,"column":91}},"13":{"start":{"line":27,"column":4},"end":{"line":31,"column":5}},"14":{"start":{"line":28,"column":8},"end":{"line":28,"column":14}},"15":{"start":{"line":30,"column":8},"end":{"line":30,"column":125}}},"fnMap":{"0":{"name":"(anonymous_0)","decl":{"start":{"line":10,"column":23},"end":{"line":10,"column":24}},"loc":{"start":{"line":10,"column":43},"end":{"line":18,"column":1}},"line":10},"1":{"name":"(anonymous_1)","decl":{"start":{"line":15,"column":74},"end":{"line":15,"column":75}},"loc":{"start":{"line":15,"column":81},"end":{"line":15,"column":92}},"line":15},"2":{"name":"(anonymous_2)","decl":{"start":{"line":25,"column":24},"end":{"line":25,"column":25}},"loc":{"start":{"line":25,"column":44},"end":{"line":32,"column":1}},"line":25}},"branchMap":{"0":{"loc":{"start":{"line":12,"column":4},"end":{"line":17,"column":5}},"type":"if","locations":[{"start":{"line":12,"column":4},"end":{"line":17,"column":5}},{"start":{"line":12,"column":4},"end":{"line":17,"column":5}}],"line":12},"1":{"loc":{"start":{"line":27,"column":4},"end":{"line":31,"column":5}},"type":"if","locations":[{"start":{"line":27,"column":4},"end":{"line":31,"column":5}},{"start":{"line":27,"column":4},"end":{"line":31,"column":5}}],"line":27}},"s":{"0":2,"1":2,"2":2,"3":2,"4":14,"5":14,"6":6,"7":8,"8":8,"9":8,"10":2,"11":2,"12":8,"13":8,"14":6,"15":2},"f":{"0":14,"1":8,"2":8},"b":{"0":[6,8],"1":[6,2]},"_coverageSchema":"1a1c01bbd47fc00a2c39e90264f33305004495a9","hash":"3d970e4cb6dd3a63e1f2e9101538ff0673729dbb"}
,"D:\\programacion\\Javascript\\Node.js\\API-REST\\disenio-api-nodejs\\config\\dev.js": {"path":"D:\\programacion\\Javascript\\Node.js\\API-REST\\disenio-api-nodejs\\config\\dev.js","statementMap":{"0":{"start":{"line":1,"column":0},"end":{"line":6,"column":1}}},"fnMap":{},"branchMap":{},"s":{"0":2},"f":{},"b":{},"_coverageSchema":"1a1c01bbd47fc00a2c39e90264f33305004495a9","hash":"9337a8522586aaaecb519142014316365e65e10c"}
,"D:\\programacion\\Javascript\\Node.js\\API-REST\\disenio-api-nodejs\\config\\index.js": {"path":"D:\\programacion\\Javascript\\Node.js\\API-REST\\disenio-api-nodejs\\config\\index.js","statementMap":{"0":{"start":{"line":1,"column":20},"end":{"line":1,"column":57}},"1":{"start":{"line":3,"column":19},"end":{"line":7,"column":1}},"2":{"start":{"line":9,"column":24},"end":{"line":9,"column":26}},"3":{"start":{"line":11,"column":0},"end":{"line":27,"column":1}},"4":{"start":{"line":15,"column":8},"end":{"line":15,"column":44}},"5":{"start":{"line":16,"column":8},"end":{"line":16,"column":13}},"6":{"start":{"line":20,"column":8},"end":{"line":20,"column":45}},"7":{"start":{"line":21,"column":8},"end":{"line":21,"column":13}},"8":{"start":{"line":23,"column":8},"end":{"line":23,"column":45}},"9":{"start":{"line":24,"column":8},"end":{"line":24,"column":13}},"10":{"start":{"line":26,"column":8},"end":{"line":26,"column":44}},"11":{"start":{"line":28,"column":0},"end":{"line":28,"column":73}},"12":{"start":{"line":30,"column":0},"end":{"line":32,"column":1}}},"fnMap":{},"branchMap":{"0":{"loc":{"start":{"line":1,"column":20},"end":{"line":1,"column":57}},"type":"binary-expr","locations":[{"start":{"line":1,"column":20},"end":{"line":1,"column":40}},{"start":{"line":1,"column":44},"end":{"line":1,"column":57}}],"line":1},"1":{"loc":{"start":{"line":11,"column":0},"end":{"line":27,"column":1}},"type":"switch","locations":[{"start":{"line":12,"column":4},"end":{"line":12,"column":23}},{"start":{"line":13,"column":4},"end":{"line":13,"column":15}},{"start":{"line":14,"column":4},"end":{"line":16,"column":13}},{"start":{"line":17,"column":4},"end":{"line":17,"column":22}},{"start":{"line":18,"column":4},"end":{"line":18,"column":16}},{"start":{"line":19,"column":4},"end":{"line":21,"column":13}},{"start":{"line":22,"column":4},"end":{"line":24,"column":13}},{"start":{"line":25,"column":4},"end":{"line":26,"column":44}}],"line":11}},"s":{"0":2,"1":2,"2":2,"3":2,"4":0,"5":0,"6":0,"7":0,"8":0,"9":0,"10":2,"11":2,"12":2},"f":{},"b":{"0":[2,0],"1":[0,0,0,0,0,0,0,2]},"_coverageSchema":"1a1c01bbd47fc00a2c39e90264f33305004495a9","hash":"c89d975a3a4db669208e35f971e43804f5c4c28a"}
,"D:\\programacion\\Javascript\\Node.js\\API-REST\\disenio-api-nodejs\\utils\\logger.js": {"path":"D:\\programacion\\Javascript\\Node.js\\API-REST\\disenio-api-nodejs\\utils\\logger.js","statementMap":{"0":{"start":{"line":1,"column":16},"end":{"line":1,"column":34}},"1":{"start":{"line":2,"column":15},"end":{"line":2,"column":35}},"2":{"start":{"line":16,"column":20},"end":{"line":19,"column":2}},"3":{"start":{"line":17,"column":4},"end":{"line":17,"column":64}},"4":{"start":{"line":18,"column":4},"end":{"line":18,"column":15}},"5":{"start":{"line":21,"column":15},"end":{"line":43,"column":2}},"6":{"start":{"line":45,"column":0},"end":{"line":45,"column":23}}},"fnMap":{"0":{"name":"(anonymous_0)","decl":{"start":{"line":16,"column":35},"end":{"line":16,"column":36}},"loc":{"start":{"line":16,"column":43},"end":{"line":19,"column":1}},"line":16}},"branchMap":{"0":{"loc":{"start":{"line":32,"column":19},"end":{"line":32,"column":58}},"type":"cond-expr","locations":[{"start":{"line":32,"column":41},"end":{"line":32,"column":48}},{"start":{"line":32,"column":51},"end":{"line":32,"column":58}}],"line":32}},"s":{"0":2,"1":2,"2":2,"3":67,"4":67,"5":2,"6":2},"f":{"0":67},"b":{"0":[0,2]},"_coverageSchema":"1a1c01bbd47fc00a2c39e90264f33305004495a9","hash":"7a971416506e337f480169712c15be30331a1632"}
}
