{"/Users/lizardo/Desktop/nodejs/disenio-apis-nodejs/index.js": {"path":"/Users/lizardo/Desktop/nodejs/disenio-apis-nodejs/index.js","statementMap":{"0":{"start":{"line":1,"column":16},"end":{"line":1,"column":34}},"1":{"start":{"line":2,"column":12},"end":{"line":2,"column":21}},"2":{"start":{"line":3,"column":19},"end":{"line":3,"column":41}},"3":{"start":{"line":4,"column":15},"end":{"line":4,"column":32}},"4":{"start":{"line":5,"column":17},"end":{"line":5,"column":36}},"5":{"start":{"line":6,"column":17},"end":{"line":6,"column":36}},"6":{"start":{"line":7,"column":21},"end":{"line":7,"column":55}},"7":{"start":{"line":9,"column":0},"end":{"line":13,"column":2}},"8":{"start":{"line":14,"column":0},"end":{"line":17,"column":2}},"9":{"start":{"line":15,"column":4},"end":{"line":15,"column":47}},"10":{"start":{"line":16,"column":4},"end":{"line":16,"column":19}},"11":{"start":{"line":19,"column":23},"end":{"line":19,"column":74}},"12":{"start":{"line":20,"column":20},"end":{"line":20,"column":65}},"13":{"start":{"line":21,"column":15},"end":{"line":21,"column":34}},"14":{"start":{"line":22,"column":15},"end":{"line":22,"column":40}},"15":{"start":{"line":23,"column":16},"end":{"line":23,"column":42}},"16":{"start":{"line":25,"column":0},"end":{"line":29,"column":3}},"17":{"start":{"line":27,"column":26},"end":{"line":27,"column":53}},"18":{"start":{"line":31,"column":0},"end":{"line":31,"column":26}},"19":{"start":{"line":33,"column":0},"end":{"line":33,"column":21}},"20":{"start":{"line":34,"column":0},"end":{"line":34,"column":30}},"21":{"start":{"line":36,"column":0},"end":{"line":36,"column":36}},"22":{"start":{"line":37,"column":0},"end":{"line":37,"column":30}},"23":{"start":{"line":39,"column":0},"end":{"line":39,"column":37}},"24":{"start":{"line":40,"column":0},"end":{"line":44,"column":1}},"25":{"start":{"line":41,"column":4},"end":{"line":41,"column":42}},"26":{"start":{"line":43,"column":4},"end":{"line":43,"column":43}},"27":{"start":{"line":47,"column":15},"end":{"line":50,"column":2}},"28":{"start":{"line":48,"column":4},"end":{"line":48,"column":33}},"29":{"start":{"line":48,"column":13},"end":{"line":48,"column":33}},"30":{"start":{"line":49,"column":4},"end":{"line":49,"column":64}},"31":{"start":{"line":52,"column":0},"end":{"line":54,"column":1}}},"fnMap":{"0":{"name":"(anonymous_0)","decl":{"start":{"line":14,"column":32},"end":{"line":14,"column":33}},"loc":{"start":{"line":14,"column":37},"end":{"line":17,"column":1}},"line":14},"1":{"name":"(anonymous_1)","decl":{"start":{"line":27,"column":15},"end":{"line":27,"column":16}},"loc":{"start":{"line":27,"column":26},"end":{"line":27,"column":53}},"line":27},"2":{"name":"(anonymous_2)","decl":{"start":{"line":47,"column":39},"end":{"line":47,"column":40}},"loc":{"start":{"line":47,"column":46},"end":{"line":50,"column":1}},"line":47}},"branchMap":{"0":{"loc":{"start":{"line":40,"column":0},"end":{"line":44,"column":1}},"type":"if","locations":[{"start":{"line":40,"column":0},"end":{"line":44,"column":1}},{"start":{"line":40,"column":0},"end":{"line":44,"column":1}}],"line":40},"1":{"loc":{"start":{"line":48,"column":4},"end":{"line":48,"column":33}},"type":"if","locations":[{"start":{"line":48,"column":4},"end":{"line":48,"column":33}},{"start":{"line":48,"column":4},"end":{"line":48,"column":33}}],"line":48}},"s":{"0":2,"1":2,"2":2,"3":2,"4":2,"5":2,"6":2,"7":2,"8":2,"9":0,"10":0,"11":2,"12":2,"13":2,"14":2,"15":2,"16":2,"17":36,"18":2,"19":2,"20":2,"21":2,"22":2,"23":2,"24":2,"25":0,"26":2,"27":2,"28":2,"29":0,"30":2,"31":2},"f":{"0":0,"1":36,"2":2},"b":{"0":[0,2],"1":[0,2]},"_coverageSchema":"1a1c01bbd47fc00a2c39e90264f33305004495a9","hash":"61814341d2bb4321a68959db8b3cc71013607d33"}
,"/Users/lizardo/Desktop/nodejs/disenio-apis-nodejs/api/libs/auth.js": {"path":"/Users/lizardo/Desktop/nodejs/disenio-apis-nodejs/api/libs/auth.js","statementMap":{"0":{"start":{"line":1,"column":15},"end":{"line":1,"column":32}},"1":{"start":{"line":2,"column":20},"end":{"line":2,"column":43}},"2":{"start":{"line":4,"column":12},"end":{"line":4,"column":41}},"3":{"start":{"line":5,"column":15},"end":{"line":5,"column":38}},"4":{"start":{"line":6,"column":23},"end":{"line":6,"column":69}},"5":{"start":{"line":9,"column":19},"end":{"line":12,"column":1}},"6":{"start":{"line":14,"column":20},"end":{"line":32,"column":2}},"7":{"start":{"line":15,"column":4},"end":{"line":31,"column":10}},"8":{"start":{"line":17,"column":12},"end":{"line":20,"column":13}},"9":{"start":{"line":18,"column":16},"end":{"line":18,"column":94}},"10":{"start":{"line":19,"column":16},"end":{"line":19,"column":40}},"11":{"start":{"line":22,"column":12},"end":{"line":22,"column":102}},"12":{"start":{"line":23,"column":12},"end":{"line":26,"column":14}},"13":{"start":{"line":29,"column":12},"end":{"line":29,"column":74}},"14":{"start":{"line":30,"column":12},"end":{"line":30,"column":28}},"15":{"start":{"line":34,"column":0},"end":{"line":34,"column":29}}},"fnMap":{"0":{"name":"(anonymous_0)","decl":{"start":{"line":14,"column":57},"end":{"line":14,"column":58}},"loc":{"start":{"line":14,"column":79},"end":{"line":32,"column":1}},"line":14},"1":{"name":"(anonymous_1)","decl":{"start":{"line":16,"column":14},"end":{"line":16,"column":15}},"loc":{"start":{"line":16,"column":22},"end":{"line":27,"column":9}},"line":16},"2":{"name":"(anonymous_2)","decl":{"start":{"line":28,"column":15},"end":{"line":28,"column":16}},"loc":{"start":{"line":28,"column":22},"end":{"line":31,"column":9}},"line":28}},"branchMap":{"0":{"loc":{"start":{"line":17,"column":12},"end":{"line":20,"column":13}},"type":"if","locations":[{"start":{"line":17,"column":12},"end":{"line":20,"column":13}},{"start":{"line":17,"column":12},"end":{"line":20,"column":13}}],"line":17}},"s":{"0":2,"1":2,"2":2,"3":2,"4":2,"5":2,"6":2,"7":7,"8":7,"9":0,"10":0,"11":7,"12":7,"13":0,"14":0,"15":2},"f":{"0":7,"1":7,"2":0},"b":{"0":[0,7]},"_coverageSchema":"1a1c01bbd47fc00a2c39e90264f33305004495a9","hash":"5064ffd013eb49b2e0bbc5a4b80ce855a45c8408"}
,"/Users/lizardo/Desktop/nodejs/disenio-apis-nodejs/api/libs/errorHandler.js": {"path":"/Users/lizardo/Desktop/nodejs/disenio-apis-nodejs/api/libs/errorHandler.js","statementMap":{"0":{"start":{"line":1,"column":17},"end":{"line":1,"column":36}},"1":{"start":{"line":2,"column":12},"end":{"line":2,"column":41}},"2":{"start":{"line":4,"column":0},"end":{"line":8,"column":1}},"3":{"start":{"line":5,"column":4},"end":{"line":7,"column":5}},"4":{"start":{"line":6,"column":8},"end":{"line":6,"column":38}},"5":{"start":{"line":10,"column":0},"end":{"line":17,"column":1}},"6":{"start":{"line":11,"column":4},"end":{"line":15,"column":5}},"7":{"start":{"line":12,"column":8},"end":{"line":12,"column":66}},"8":{"start":{"line":13,"column":8},"end":{"line":13,"column":123}},"9":{"start":{"line":14,"column":8},"end":{"line":14,"column":24}},"10":{"start":{"line":16,"column":4},"end":{"line":16,"column":13}},"11":{"start":{"line":19,"column":0},"end":{"line":24,"column":1}},"12":{"start":{"line":20,"column":4},"end":{"line":20,"column":33}},"13":{"start":{"line":21,"column":4},"end":{"line":23,"column":6}},"14":{"start":{"line":25,"column":0},"end":{"line":31,"column":1}},"15":{"start":{"line":26,"column":4},"end":{"line":26,"column":33}},"16":{"start":{"line":27,"column":4},"end":{"line":30,"column":6}}},"fnMap":{"0":{"name":"(anonymous_0)","decl":{"start":{"line":4,"column":24},"end":{"line":4,"column":25}},"loc":{"start":{"line":4,"column":32},"end":{"line":8,"column":1}},"line":4},"1":{"name":"(anonymous_1)","decl":{"start":{"line":5,"column":11},"end":{"line":5,"column":12}},"loc":{"start":{"line":5,"column":37},"end":{"line":7,"column":5}},"line":5},"2":{"name":"(anonymous_2)","decl":{"start":{"line":10,"column":26},"end":{"line":10,"column":27}},"loc":{"start":{"line":10,"column":51},"end":{"line":17,"column":1}},"line":10},"3":{"name":"(anonymous_3)","decl":{"start":{"line":19,"column":27},"end":{"line":19,"column":28}},"loc":{"start":{"line":19,"column":52},"end":{"line":24,"column":1}},"line":19},"4":{"name":"(anonymous_4)","decl":{"start":{"line":25,"column":28},"end":{"line":25,"column":29}},"loc":{"start":{"line":25,"column":53},"end":{"line":31,"column":1}},"line":25}},"branchMap":{"0":{"loc":{"start":{"line":11,"column":4},"end":{"line":15,"column":5}},"type":"if","locations":[{"start":{"line":11,"column":4},"end":{"line":15,"column":5}},{"start":{"line":11,"column":4},"end":{"line":15,"column":5}}],"line":11},"1":{"loc":{"start":{"line":11,"column":8},"end":{"line":11,"column":66}},"type":"binary-expr","locations":[{"start":{"line":11,"column":8},"end":{"line":11,"column":37}},{"start":{"line":11,"column":41},"end":{"line":11,"column":66}}],"line":11},"2":{"loc":{"start":{"line":20,"column":15},"end":{"line":20,"column":32}},"type":"binary-expr","locations":[{"start":{"line":20,"column":15},"end":{"line":20,"column":25}},{"start":{"line":20,"column":29},"end":{"line":20,"column":32}}],"line":20},"3":{"loc":{"start":{"line":26,"column":15},"end":{"line":26,"column":32}},"type":"binary-expr","locations":[{"start":{"line":26,"column":15},"end":{"line":26,"column":25}},{"start":{"line":26,"column":29},"end":{"line":26,"column":32}}],"line":26},"4":{"loc":{"start":{"line":29,"column":15},"end":{"line":29,"column":30}},"type":"binary-expr","locations":[{"start":{"line":29,"column":15},"end":{"line":29,"column":24}},{"start":{"line":29,"column":28},"end":{"line":29,"column":30}}],"line":29}},"s":{"0":2,"1":2,"2":2,"3":16,"4":19,"5":2,"6":7,"7":0,"8":0,"9":0,"10":7,"11":2,"12":0,"13":0,"14":2,"15":7,"16":7},"f":{"0":16,"1":19,"2":7,"3":0,"4":7},"b":{"0":[0,7],"1":[7,7],"2":[0,0],"3":[7,0],"4":[7,0]},"_coverageSchema":"1a1c01bbd47fc00a2c39e90264f33305004495a9","hash":"07c8caaf3b5584ce91b6619f3d6d3f481280ed58"}
,"/Users/lizardo/Desktop/nodejs/disenio-apis-nodejs/api/resources/products/products.controller.js": {"path":"/Users/lizardo/Desktop/nodejs/disenio-apis-nodejs/api/resources/products/products.controller.js","statementMap":{"0":{"start":{"line":1,"column":16},"end":{"line":1,"column":43}},"1":{"start":{"line":3,"column":22},"end":{"line":6,"column":1}},"2":{"start":{"line":4,"column":4},"end":{"line":5,"column":15}},"3":{"start":{"line":8,"column":20},"end":{"line":10,"column":1}},"4":{"start":{"line":9,"column":4},"end":{"line":9,"column":27}},"5":{"start":{"line":12,"column":19},"end":{"line":14,"column":1}},"6":{"start":{"line":13,"column":4},"end":{"line":13,"column":31}},"7":{"start":{"line":16,"column":23},"end":{"line":22,"column":1}},"8":{"start":{"line":17,"column":4},"end":{"line":21,"column":6}},"9":{"start":{"line":24,"column":22},"end":{"line":26,"column":1}},"10":{"start":{"line":25,"column":4},"end":{"line":25,"column":40}},"11":{"start":{"line":28,"column":0},"end":{"line":34,"column":1}}},"fnMap":{"0":{"name":"(anonymous_0)","decl":{"start":{"line":3,"column":22},"end":{"line":3,"column":23}},"loc":{"start":{"line":3,"column":42},"end":{"line":6,"column":1}},"line":3},"1":{"name":"(anonymous_1)","decl":{"start":{"line":8,"column":20},"end":{"line":8,"column":21}},"loc":{"start":{"line":8,"column":26},"end":{"line":10,"column":1}},"line":8},"2":{"name":"(anonymous_2)","decl":{"start":{"line":12,"column":19},"end":{"line":12,"column":20}},"loc":{"start":{"line":12,"column":25},"end":{"line":14,"column":1}},"line":12},"3":{"name":"(anonymous_3)","decl":{"start":{"line":16,"column":23},"end":{"line":16,"column":24}},"loc":{"start":{"line":16,"column":50},"end":{"line":22,"column":1}},"line":16},"4":{"name":"(anonymous_4)","decl":{"start":{"line":24,"column":22},"end":{"line":24,"column":23}},"loc":{"start":{"line":24,"column":28},"end":{"line":26,"column":1}},"line":24}},"branchMap":{},"s":{"0":2,"1":2,"2":1,"3":2,"4":0,"5":2,"6":4,"7":2,"8":0,"9":2,"10":0,"11":2},"f":{"0":1,"1":0,"2":4,"3":0,"4":0},"b":{},"_coverageSchema":"1a1c01bbd47fc00a2c39e90264f33305004495a9","hash":"cc320deb15ee677e7941f08d0dff841a0b51e839"}
,"/Users/lizardo/Desktop/nodejs/disenio-apis-nodejs/api/resources/products/products.errors.js": {"path":"/Users/lizardo/Desktop/nodejs/disenio-apis-nodejs/api/resources/products/products.errors.js","statementMap":{"0":{"start":{"line":3,"column":8},"end":{"line":3,"column":23}},"1":{"start":{"line":4,"column":8},"end":{"line":4,"column":90}},"2":{"start":{"line":5,"column":8},"end":{"line":5,"column":25}},"3":{"start":{"line":6,"column":8},"end":{"line":6,"column":38}},"4":{"start":{"line":12,"column":8},"end":{"line":12,"column":23}},"5":{"start":{"line":13,"column":8},"end":{"line":13,"column":98}},"6":{"start":{"line":14,"column":8},"end":{"line":14,"column":25}},"7":{"start":{"line":15,"column":8},"end":{"line":15,"column":38}},"8":{"start":{"line":19,"column":0},"end":{"line":22,"column":1}}},"fnMap":{"0":{"name":"(anonymous_0)","decl":{"start":{"line":2,"column":4},"end":{"line":2,"column":5}},"loc":{"start":{"line":2,"column":25},"end":{"line":7,"column":5}},"line":2},"1":{"name":"(anonymous_1)","decl":{"start":{"line":11,"column":4},"end":{"line":11,"column":5}},"loc":{"start":{"line":11,"column":25},"end":{"line":16,"column":5}},"line":11}},"branchMap":{"0":{"loc":{"start":{"line":4,"column":23},"end":{"line":4,"column":90}},"type":"binary-expr","locations":[{"start":{"line":4,"column":23},"end":{"line":4,"column":30}},{"start":{"line":4,"column":34},"end":{"line":4,"column":90}}],"line":4},"1":{"loc":{"start":{"line":13,"column":23},"end":{"line":13,"column":98}},"type":"binary-expr","locations":[{"start":{"line":13,"column":23},"end":{"line":13,"column":30}},{"start":{"line":13,"column":34},"end":{"line":13,"column":98}}],"line":13}},"s":{"0":2,"1":2,"2":2,"3":2,"4":1,"5":1,"6":1,"7":1,"8":2},"f":{"0":2,"1":1},"b":{"0":[2,0],"1":[1,0]},"_coverageSchema":"1a1c01bbd47fc00a2c39e90264f33305004495a9","hash":"11a9cd6d6c4e0a0ef50a33b61fea5a6749306e78"}
,"/Users/lizardo/Desktop/nodejs/disenio-apis-nodejs/api/resources/products/products.model.js": {"path":"/Users/lizardo/Desktop/nodejs/disenio-apis-nodejs/api/resources/products/products.model.js","statementMap":{"0":{"start":{"line":1,"column":17},"end":{"line":1,"column":36}},"1":{"start":{"line":3,"column":22},"end":{"line":23,"column":2}},"2":{"start":{"line":25,"column":0},"end":{"line":25,"column":57}}},"fnMap":{},"branchMap":{},"s":{"0":2,"1":2,"2":2},"f":{},"b":{},"_coverageSchema":"1a1c01bbd47fc00a2c39e90264f33305004495a9","hash":"542b0c62ebde302b1adfa3de7f91ceb5db3f5ee4"}
,"/Users/lizardo/Desktop/nodejs/disenio-apis-nodejs/api/resources/products/products.routes.js": {"path":"/Users/lizardo/Desktop/nodejs/disenio-apis-nodejs/api/resources/products/products.routes.js","statementMap":{"0":{"start":{"line":1,"column":16},"end":{"line":1,"column":34}},"1":{"start":{"line":2,"column":13},"end":{"line":2,"column":31}},"2":{"start":{"line":3,"column":17},"end":{"line":3,"column":36}},"3":{"start":{"line":5,"column":23},"end":{"line":5,"column":39}},"4":{"start":{"line":6,"column":12},"end":{"line":6,"column":44}},"5":{"start":{"line":7,"column":26},"end":{"line":7,"column":58}},"6":{"start":{"line":8,"column":24},"end":{"line":8,"column":54}},"7":{"start":{"line":9,"column":25},"end":{"line":9,"column":72}},"8":{"start":{"line":10,"column":26},"end":{"line":10,"column":60}},"9":{"start":{"line":11,"column":47},"end":{"line":11,"column":75}},"10":{"start":{"line":13,"column":19},"end":{"line":21,"column":1}},"11":{"start":{"line":14,"column":19},"end":{"line":14,"column":29}},"12":{"start":{"line":16,"column":4},"end":{"line":19,"column":5}},"13":{"start":{"line":17,"column":8},"end":{"line":17,"column":82}},"14":{"start":{"line":18,"column":8},"end":{"line":18,"column":14}},"15":{"start":{"line":20,"column":4},"end":{"line":20,"column":10}},"16":{"start":{"line":23,"column":0},"end":{"line":28,"column":3}},"17":{"start":{"line":24,"column":4},"end":{"line":27,"column":10}},"18":{"start":{"line":26,"column":12},"end":{"line":26,"column":30}},"19":{"start":{"line":30,"column":0},"end":{"line":36,"column":3}},"20":{"start":{"line":31,"column":4},"end":{"line":35,"column":10}},"21":{"start":{"line":33,"column":12},"end":{"line":33,"column":86}},"22":{"start":{"line":34,"column":12},"end":{"line":34,"column":41}},"23":{"start":{"line":38,"column":0},"end":{"line":45,"column":3}},"24":{"start":{"line":39,"column":19},"end":{"line":39,"column":29}},"25":{"start":{"line":40,"column":4},"end":{"line":44,"column":10}},"26":{"start":{"line":42,"column":12},"end":{"line":42,"column":88}},"27":{"start":{"line":42,"column":25},"end":{"line":42,"column":88}},"28":{"start":{"line":43,"column":12},"end":{"line":43,"column":29}},"29":{"start":{"line":48,"column":0},"end":{"line":65,"column":3}},"30":{"start":{"line":49,"column":19},"end":{"line":49,"column":29}},"31":{"start":{"line":50,"column":25},"end":{"line":50,"column":33}},"32":{"start":{"line":52,"column":25},"end":{"line":52,"column":63}},"33":{"start":{"line":53,"column":4},"end":{"line":55,"column":5}},"34":{"start":{"line":54,"column":8},"end":{"line":54,"column":75}},"35":{"start":{"line":57,"column":4},"end":{"line":60,"column":5}},"36":{"start":{"line":58,"column":8},"end":{"line":58,"column":148}},"37":{"start":{"line":59,"column":8},"end":{"line":59,"column":128}},"38":{"start":{"line":62,"column":4},"end":{"line":62,"column":83}},"39":{"start":{"line":63,"column":4},"end":{"line":63,"column":102}},"40":{"start":{"line":64,"column":4},"end":{"line":64,"column":28}},"41":{"start":{"line":67,"column":0},"end":{"line":86,"column":3}},"42":{"start":{"line":68,"column":19},"end":{"line":68,"column":29}},"43":{"start":{"line":70,"column":24},"end":{"line":70,"column":62}},"44":{"start":{"line":71,"column":4},"end":{"line":74,"column":5}},"45":{"start":{"line":72,"column":8},"end":{"line":72,"column":69}},"46":{"start":{"line":73,"column":8},"end":{"line":73,"column":91}},"47":{"start":{"line":76,"column":21},"end":{"line":76,"column":38}},"48":{"start":{"line":77,"column":4},"end":{"line":80,"column":5}},"49":{"start":{"line":78,"column":8},"end":{"line":78,"column":147}},"50":{"start":{"line":79,"column":8},"end":{"line":79,"column":123}},"51":{"start":{"line":82,"column":4},"end":{"line":82,"column":61}},"52":{"start":{"line":83,"column":4},"end":{"line":83,"column":52}},"53":{"start":{"line":84,"column":4},"end":{"line":84,"column":27}},"54":{"start":{"line":88,"column":0},"end":{"line":88,"column":31}}},"fnMap":{"0":{"name":"(anonymous_0)","decl":{"start":{"line":13,"column":19},"end":{"line":13,"column":20}},"loc":{"start":{"line":13,"column":39},"end":{"line":21,"column":1}},"line":13},"1":{"name":"(anonymous_1)","decl":{"start":{"line":23,"column":38},"end":{"line":23,"column":39}},"loc":{"start":{"line":23,"column":52},"end":{"line":28,"column":1}},"line":23},"2":{"name":"(anonymous_2)","decl":{"start":{"line":25,"column":14},"end":{"line":25,"column":15}},"loc":{"start":{"line":25,"column":26},"end":{"line":27,"column":9}},"line":25},"3":{"name":"(anonymous_3)","decl":{"start":{"line":30,"column":76},"end":{"line":30,"column":77}},"loc":{"start":{"line":30,"column":90},"end":{"line":36,"column":1}},"line":30},"4":{"name":"(anonymous_4)","decl":{"start":{"line":32,"column":14},"end":{"line":32,"column":15}},"loc":{"start":{"line":32,"column":25},"end":{"line":35,"column":9}},"line":32},"5":{"name":"(anonymous_5)","decl":{"start":{"line":38,"column":53},"end":{"line":38,"column":54}},"loc":{"start":{"line":38,"column":67},"end":{"line":45,"column":1}},"line":38},"6":{"name":"(anonymous_6)","decl":{"start":{"line":41,"column":14},"end":{"line":41,"column":15}},"loc":{"start":{"line":41,"column":25},"end":{"line":44,"column":9}},"line":41},"7":{"name":"(anonymous_7)","decl":{"start":{"line":48,"column":91},"end":{"line":48,"column":92}},"loc":{"start":{"line":48,"column":111},"end":{"line":65,"column":1}},"line":48},"8":{"name":"(anonymous_8)","decl":{"start":{"line":67,"column":76},"end":{"line":67,"column":77}},"loc":{"start":{"line":67,"column":96},"end":{"line":86,"column":1}},"line":67}},"branchMap":{"0":{"loc":{"start":{"line":16,"column":4},"end":{"line":19,"column":5}},"type":"if","locations":[{"start":{"line":16,"column":4},"end":{"line":19,"column":5}},{"start":{"line":16,"column":4},"end":{"line":19,"column":5}}],"line":16},"1":{"loc":{"start":{"line":42,"column":12},"end":{"line":42,"column":88}},"type":"if","locations":[{"start":{"line":42,"column":12},"end":{"line":42,"column":88}},{"start":{"line":42,"column":12},"end":{"line":42,"column":88}}],"line":42},"2":{"loc":{"start":{"line":53,"column":4},"end":{"line":55,"column":5}},"type":"if","locations":[{"start":{"line":53,"column":4},"end":{"line":55,"column":5}},{"start":{"line":53,"column":4},"end":{"line":55,"column":5}}],"line":53},"3":{"loc":{"start":{"line":57,"column":4},"end":{"line":60,"column":5}},"type":"if","locations":[{"start":{"line":57,"column":4},"end":{"line":60,"column":5}},{"start":{"line":57,"column":4},"end":{"line":60,"column":5}}],"line":57},"4":{"loc":{"start":{"line":71,"column":4},"end":{"line":74,"column":5}},"type":"if","locations":[{"start":{"line":71,"column":4},"end":{"line":74,"column":5}},{"start":{"line":71,"column":4},"end":{"line":74,"column":5}}],"line":71},"5":{"loc":{"start":{"line":77,"column":4},"end":{"line":80,"column":5}},"type":"if","locations":[{"start":{"line":77,"column":4},"end":{"line":80,"column":5}},{"start":{"line":77,"column":4},"end":{"line":80,"column":5}}],"line":77}},"s":{"0":2,"1":2,"2":2,"3":2,"4":2,"5":2,"6":2,"7":2,"8":2,"9":2,"10":2,"11":6,"12":6,"13":2,"14":2,"15":4,"16":2,"17":0,"18":0,"19":2,"20":1,"21":1,"22":1,"23":2,"24":2,"25":2,"26":2,"27":1,"28":1,"29":2,"30":0,"31":0,"32":0,"33":0,"34":0,"35":0,"36":0,"37":0,"38":0,"39":0,"40":0,"41":2,"42":2,"43":2,"44":2,"45":1,"46":1,"47":1,"48":1,"49":1,"50":1,"51":0,"52":0,"53":0,"54":2},"f":{"0":6,"1":0,"2":0,"3":1,"4":1,"5":2,"6":2,"7":0,"8":2},"b":{"0":[2,4],"1":[1,1],"2":[0,0],"3":[0,0],"4":[1,1],"5":[1,0]},"_coverageSchema":"1a1c01bbd47fc00a2c39e90264f33305004495a9","hash":"7684edbfe970e6986ecdd969531dc24b18af44c6"}
,"/Users/lizardo/Desktop/nodejs/disenio-apis-nodejs/api/resources/products/products.validate.js": {"path":"/Users/lizardo/Desktop/nodejs/disenio-apis-nodejs/api/resources/products/products.validate.js","statementMap":{"0":{"start":{"line":1,"column":12},"end":{"line":1,"column":32}},"1":{"start":{"line":2,"column":12},"end":{"line":2,"column":44}},"2":{"start":{"line":4,"column":25},"end":{"line":8,"column":2}},"3":{"start":{"line":10,"column":0},"end":{"line":19,"column":1}},"4":{"start":{"line":11,"column":17},"end":{"line":11,"column":91}},"5":{"start":{"line":12,"column":4},"end":{"line":18,"column":5}},"6":{"start":{"line":13,"column":8},"end":{"line":13,"column":14}},"7":{"start":{"line":15,"column":23},"end":{"line":15,"column":94}},"8":{"start":{"line":15,"column":65},"end":{"line":15,"column":89}},"9":{"start":{"line":16,"column":8},"end":{"line":16,"column":81}},"10":{"start":{"line":17,"column":8},"end":{"line":17,"column":129}}},"fnMap":{"0":{"name":"(anonymous_0)","decl":{"start":{"line":10,"column":17},"end":{"line":10,"column":18}},"loc":{"start":{"line":10,"column":37},"end":{"line":19,"column":1}},"line":10},"1":{"name":"(anonymous_1)","decl":{"start":{"line":15,"column":51},"end":{"line":15,"column":52}},"loc":{"start":{"line":15,"column":65},"end":{"line":15,"column":89}},"line":15}},"branchMap":{"0":{"loc":{"start":{"line":12,"column":4},"end":{"line":18,"column":5}},"type":"if","locations":[{"start":{"line":12,"column":4},"end":{"line":18,"column":5}},{"start":{"line":12,"column":4},"end":{"line":18,"column":5}}],"line":12}},"s":{"0":2,"1":2,"2":2,"3":2,"4":4,"5":4,"6":1,"7":3,"8":3,"9":3,"10":3},"f":{"0":4,"1":3},"b":{"0":[1,3]},"_coverageSchema":"1a1c01bbd47fc00a2c39e90264f33305004495a9","hash":"42a4732f27067f567261ed57447c15f30c178f65"}
,"/Users/lizardo/Desktop/nodejs/disenio-apis-nodejs/api/resources/users/users.controller.js": {"path":"/Users/lizardo/Desktop/nodejs/disenio-apis-nodejs/api/resources/users/users.controller.js","statementMap":{"0":{"start":{"line":1,"column":13},"end":{"line":1,"column":37}},"1":{"start":{"line":3,"column":17},"end":{"line":5,"column":1}},"2":{"start":{"line":4,"column":4},"end":{"line":4,"column":24}},"3":{"start":{"line":7,"column":19},"end":{"line":12,"column":1}},"4":{"start":{"line":8,"column":4},"end":{"line":11,"column":13}},"5":{"start":{"line":14,"column":19},"end":{"line":20,"column":1}},"6":{"start":{"line":15,"column":4},"end":{"line":19,"column":6}},"7":{"start":{"line":16,"column":8},"end":{"line":18,"column":38}},"8":{"start":{"line":17,"column":27},"end":{"line":17,"column":52}},"9":{"start":{"line":18,"column":26},"end":{"line":18,"column":37}},"10":{"start":{"line":22,"column":16},"end":{"line":27,"column":1}},"11":{"start":{"line":23,"column":4},"end":{"line":23,"column":48}},"12":{"start":{"line":23,"column":17},"end":{"line":23,"column":48}},"13":{"start":{"line":24,"column":4},"end":{"line":24,"column":35}},"14":{"start":{"line":24,"column":11},"end":{"line":24,"column":35}},"15":{"start":{"line":25,"column":4},"end":{"line":25,"column":42}},"16":{"start":{"line":25,"column":14},"end":{"line":25,"column":42}},"17":{"start":{"line":26,"column":4},"end":{"line":26,"column":104}},"18":{"start":{"line":29,"column":0},"end":{"line":34,"column":1}}},"fnMap":{"0":{"name":"(anonymous_0)","decl":{"start":{"line":3,"column":17},"end":{"line":3,"column":18}},"loc":{"start":{"line":3,"column":23},"end":{"line":5,"column":1}},"line":3},"1":{"name":"(anonymous_1)","decl":{"start":{"line":7,"column":19},"end":{"line":7,"column":20}},"loc":{"start":{"line":7,"column":45},"end":{"line":12,"column":1}},"line":7},"2":{"name":"(anonymous_2)","decl":{"start":{"line":14,"column":19},"end":{"line":14,"column":20}},"loc":{"start":{"line":14,"column":40},"end":{"line":20,"column":1}},"line":14},"3":{"name":"(anonymous_3)","decl":{"start":{"line":15,"column":23},"end":{"line":15,"column":24}},"loc":{"start":{"line":15,"column":44},"end":{"line":19,"column":5}},"line":15},"4":{"name":"(anonymous_4)","decl":{"start":{"line":17,"column":18},"end":{"line":17,"column":19}},"loc":{"start":{"line":17,"column":27},"end":{"line":17,"column":52}},"line":17},"5":{"name":"(anonymous_5)","decl":{"start":{"line":18,"column":19},"end":{"line":18,"column":20}},"loc":{"start":{"line":18,"column":26},"end":{"line":18,"column":37}},"line":18},"6":{"name":"(anonymous_6)","decl":{"start":{"line":22,"column":16},"end":{"line":22,"column":17}},"loc":{"start":{"line":22,"column":45},"end":{"line":27,"column":1}},"line":22}},"branchMap":{"0":{"loc":{"start":{"line":23,"column":4},"end":{"line":23,"column":48}},"type":"if","locations":[{"start":{"line":23,"column":4},"end":{"line":23,"column":48}},{"start":{"line":23,"column":4},"end":{"line":23,"column":48}}],"line":23},"1":{"loc":{"start":{"line":24,"column":4},"end":{"line":24,"column":35}},"type":"if","locations":[{"start":{"line":24,"column":4},"end":{"line":24,"column":35}},{"start":{"line":24,"column":4},"end":{"line":24,"column":35}}],"line":24},"2":{"loc":{"start":{"line":25,"column":4},"end":{"line":25,"column":42}},"type":"if","locations":[{"start":{"line":25,"column":4},"end":{"line":25,"column":42}},{"start":{"line":25,"column":4},"end":{"line":25,"column":42}}],"line":25}},"s":{"0":2,"1":2,"2":2,"3":2,"4":4,"5":2,"6":6,"7":6,"8":6,"9":0,"10":2,"11":13,"12":6,"13":7,"14":7,"15":0,"16":0,"17":0,"18":2},"f":{"0":2,"1":4,"2":6,"3":6,"4":6,"5":0,"6":13},"b":{"0":[6,7],"1":[7,0],"2":[0,0]},"_coverageSchema":"1a1c01bbd47fc00a2c39e90264f33305004495a9","hash":"bb9fd9761fee58c32882769bb82c45caf7d908ad"}
,"/Users/lizardo/Desktop/nodejs/disenio-apis-nodejs/api/resources/users/users.errors.js": {"path":"/Users/lizardo/Desktop/nodejs/disenio-apis-nodejs/api/resources/users/users.errors.js","statementMap":{"0":{"start":{"line":3,"column":8},"end":{"line":3,"column":23}},"1":{"start":{"line":4,"column":8},"end":{"line":4,"column":87}},"2":{"start":{"line":5,"column":8},"end":{"line":5,"column":25}},"3":{"start":{"line":6,"column":8},"end":{"line":6,"column":43}},"4":{"start":{"line":12,"column":8},"end":{"line":12,"column":23}},"5":{"start":{"line":13,"column":8},"end":{"line":13,"column":114}},"6":{"start":{"line":14,"column":8},"end":{"line":14,"column":25}},"7":{"start":{"line":15,"column":8},"end":{"line":15,"column":45}},"8":{"start":{"line":19,"column":0},"end":{"line":22,"column":1}}},"fnMap":{"0":{"name":"(anonymous_0)","decl":{"start":{"line":2,"column":4},"end":{"line":2,"column":5}},"loc":{"start":{"line":2,"column":25},"end":{"line":7,"column":5}},"line":2},"1":{"name":"(anonymous_1)","decl":{"start":{"line":11,"column":4},"end":{"line":11,"column":5}},"loc":{"start":{"line":11,"column":25},"end":{"line":16,"column":5}},"line":11}},"branchMap":{"0":{"loc":{"start":{"line":4,"column":23},"end":{"line":4,"column":87}},"type":"binary-expr","locations":[{"start":{"line":4,"column":23},"end":{"line":4,"column":30}},{"start":{"line":4,"column":34},"end":{"line":4,"column":87}}],"line":4},"1":{"loc":{"start":{"line":13,"column":23},"end":{"line":13,"column":114}},"type":"binary-expr","locations":[{"start":{"line":13,"column":23},"end":{"line":13,"column":30}},{"start":{"line":13,"column":34},"end":{"line":13,"column":114}}],"line":13}},"s":{"0":2,"1":2,"2":2,"3":2,"4":2,"5":2,"6":2,"7":2,"8":2},"f":{"0":2,"1":2},"b":{"0":[2,2],"1":[2,2]},"_coverageSchema":"1a1c01bbd47fc00a2c39e90264f33305004495a9","hash":"580a361d6cf092b2a2795d1a21e44afcfd1bf24a"}
,"/Users/lizardo/Desktop/nodejs/disenio-apis-nodejs/api/resources/users/users.model.js": {"path":"/Users/lizardo/Desktop/nodejs/disenio-apis-nodejs/api/resources/users/users.model.js","statementMap":{"0":{"start":{"line":1,"column":17},"end":{"line":1,"column":36}},"1":{"start":{"line":3,"column":19},"end":{"line":19,"column":2}},"2":{"start":{"line":21,"column":0},"end":{"line":21,"column":51}}},"fnMap":{},"branchMap":{},"s":{"0":2,"1":2,"2":2},"f":{},"b":{},"_coverageSchema":"1a1c01bbd47fc00a2c39e90264f33305004495a9","hash":"cc638f0038dcb81bdcc49696ff65dd26dfa5f4d7"}
,"/Users/lizardo/Desktop/nodejs/disenio-apis-nodejs/api/resources/users/users.routes.js": {"path":"/Users/lizardo/Desktop/nodejs/disenio-apis-nodejs/api/resources/users/users.routes.js","statementMap":{"0":{"start":{"line":1,"column":16},"end":{"line":1,"column":34}},"1":{"start":{"line":2,"column":13},"end":{"line":2,"column":31}},"2":{"start":{"line":3,"column":12},"end":{"line":3,"column":44}},"3":{"start":{"line":4,"column":15},"end":{"line":4,"column":32}},"4":{"start":{"line":5,"column":12},"end":{"line":5,"column":35}},"5":{"start":{"line":6,"column":20},"end":{"line":6,"column":36}},"6":{"start":{"line":7,"column":38},"end":{"line":7,"column":65}},"7":{"start":{"line":8,"column":15},"end":{"line":8,"column":41}},"8":{"start":{"line":9,"column":23},"end":{"line":9,"column":52}},"9":{"start":{"line":10,"column":26},"end":{"line":10,"column":60}},"10":{"start":{"line":11,"column":59},"end":{"line":11,"column":84}},"11":{"start":{"line":14,"column":32},"end":{"line":18,"column":1}},"12":{"start":{"line":15,"column":4},"end":{"line":15,"column":78}},"13":{"start":{"line":16,"column":4},"end":{"line":16,"column":69}},"14":{"start":{"line":17,"column":4},"end":{"line":17,"column":10}},"15":{"start":{"line":20,"column":0},"end":{"line":25,"column":3}},"16":{"start":{"line":21,"column":4},"end":{"line":24,"column":10}},"17":{"start":{"line":23,"column":12},"end":{"line":23,"column":27}},"18":{"start":{"line":27,"column":0},"end":{"line":43,"column":3}},"19":{"start":{"line":28,"column":20},"end":{"line":28,"column":28}},"20":{"start":{"line":29,"column":4},"end":{"line":42,"column":10}},"21":{"start":{"line":31,"column":12},"end":{"line":34,"column":13}},"22":{"start":{"line":32,"column":16},"end":{"line":32,"column":116}},"23":{"start":{"line":33,"column":16},"end":{"line":33,"column":49}},"24":{"start":{"line":35,"column":12},"end":{"line":35,"column":52}},"25":{"start":{"line":38,"column":12},"end":{"line":41,"column":18}},"26":{"start":{"line":40,"column":20},"end":{"line":40,"column":72}},"27":{"start":{"line":45,"column":0},"end":{"line":70,"column":3}},"28":{"start":{"line":46,"column":33},"end":{"line":46,"column":41}},"29":{"start":{"line":47,"column":25},"end":{"line":49,"column":6}},"30":{"start":{"line":51,"column":4},"end":{"line":54,"column":5}},"31":{"start":{"line":52,"column":8},"end":{"line":52,"column":97}},"32":{"start":{"line":53,"column":8},"end":{"line":53,"column":43}},"33":{"start":{"line":56,"column":28},"end":{"line":56,"column":104}},"34":{"start":{"line":57,"column":4},"end":{"line":68,"column":5}},"35":{"start":{"line":59,"column":20},"end":{"line":61,"column":67}},"36":{"start":{"line":62,"column":8},"end":{"line":62,"column":81}},"37":{"start":{"line":63,"column":8},"end":{"line":63,"column":27}},"38":{"start":{"line":66,"column":8},"end":{"line":66,"column":112}},"39":{"start":{"line":67,"column":8},"end":{"line":67,"column":43}},"40":{"start":{"line":72,"column":0},"end":{"line":72,"column":28}}},"fnMap":{"0":{"name":"(anonymous_0)","decl":{"start":{"line":14,"column":32},"end":{"line":14,"column":33}},"loc":{"start":{"line":14,"column":52},"end":{"line":18,"column":1}},"line":14},"1":{"name":"(anonymous_1)","decl":{"start":{"line":20,"column":35},"end":{"line":20,"column":36}},"loc":{"start":{"line":20,"column":49},"end":{"line":25,"column":1}},"line":20},"2":{"name":"(anonymous_2)","decl":{"start":{"line":22,"column":14},"end":{"line":22,"column":15}},"loc":{"start":{"line":22,"column":23},"end":{"line":24,"column":9}},"line":22},"3":{"name":"(anonymous_3)","decl":{"start":{"line":27,"column":77},"end":{"line":27,"column":78}},"loc":{"start":{"line":27,"column":91},"end":{"line":43,"column":1}},"line":27},"4":{"name":"(anonymous_4)","decl":{"start":{"line":30,"column":14},"end":{"line":30,"column":15}},"loc":{"start":{"line":30,"column":24},"end":{"line":36,"column":9}},"line":30},"5":{"name":"(anonymous_5)","decl":{"start":{"line":37,"column":14},"end":{"line":37,"column":15}},"loc":{"start":{"line":37,"column":32},"end":{"line":42,"column":9}},"line":37},"6":{"name":"(anonymous_6)","decl":{"start":{"line":39,"column":22},"end":{"line":39,"column":23}},"loc":{"start":{"line":39,"column":30},"end":{"line":41,"column":17}},"line":39},"7":{"name":"(anonymous_7)","decl":{"start":{"line":45,"column":83},"end":{"line":45,"column":84}},"loc":{"start":{"line":45,"column":103},"end":{"line":70,"column":1}},"line":45}},"branchMap":{"0":{"loc":{"start":{"line":15,"column":4},"end":{"line":15,"column":78}},"type":"binary-expr","locations":[{"start":{"line":15,"column":4},"end":{"line":15,"column":21}},{"start":{"line":15,"column":26},"end":{"line":15,"column":77}}],"line":15},"1":{"loc":{"start":{"line":16,"column":4},"end":{"line":16,"column":69}},"type":"binary-expr","locations":[{"start":{"line":16,"column":4},"end":{"line":16,"column":18}},{"start":{"line":16,"column":23},"end":{"line":16,"column":68}}],"line":16},"2":{"loc":{"start":{"line":31,"column":12},"end":{"line":34,"column":13}},"type":"if","locations":[{"start":{"line":31,"column":12},"end":{"line":34,"column":13}},{"start":{"line":31,"column":12},"end":{"line":34,"column":13}}],"line":31},"3":{"loc":{"start":{"line":51,"column":4},"end":{"line":54,"column":5}},"type":"if","locations":[{"start":{"line":51,"column":4},"end":{"line":54,"column":5}},{"start":{"line":51,"column":4},"end":{"line":54,"column":5}}],"line":51},"4":{"loc":{"start":{"line":57,"column":4},"end":{"line":68,"column":5}},"type":"if","locations":[{"start":{"line":57,"column":4},"end":{"line":68,"column":5}},{"start":{"line":57,"column":4},"end":{"line":68,"column":5}}],"line":57}},"s":{"0":2,"1":2,"2":2,"3":2,"4":2,"5":2,"6":2,"7":2,"8":2,"9":2,"10":2,"11":2,"12":12,"13":12,"14":12,"15":2,"16":2,"17":2,"18":2,"19":6,"20":6,"21":6,"22":2,"23":2,"24":4,"25":4,"26":4,"27":2,"28":6,"29":6,"30":6,"31":1,"32":1,"33":5,"34":5,"35":4,"36":4,"37":4,"38":1,"39":1,"40":2},"f":{"0":12,"1":2,"2":2,"3":6,"4":6,"5":4,"6":4,"7":6},"b":{"0":[12,12],"1":[12,6],"2":[2,4],"3":[1,5],"4":[4,1]},"_coverageSchema":"1a1c01bbd47fc00a2c39e90264f33305004495a9","hash":"2e80356ca125c962446a520b0735c281db2ca793"}
,"/Users/lizardo/Desktop/nodejs/disenio-apis-nodejs/api/resources/users/users.validate.js": {"path":"/Users/lizardo/Desktop/nodejs/disenio-apis-nodejs/api/resources/users/users.validate.js","statementMap":{"0":{"start":{"line":1,"column":12},"end":{"line":1,"column":32}},"1":{"start":{"line":2,"column":12},"end":{"line":2,"column":44}},"2":{"start":{"line":4,"column":22},"end":{"line":8,"column":2}},"3":{"start":{"line":10,"column":0},"end":{"line":18,"column":1}},"4":{"start":{"line":11,"column":17},"end":{"line":11,"column":88}},"5":{"start":{"line":12,"column":4},"end":{"line":17,"column":5}},"6":{"start":{"line":13,"column":8},"end":{"line":13,"column":14}},"7":{"start":{"line":15,"column":8},"end":{"line":15,"column":94}},"8":{"start":{"line":15,"column":81},"end":{"line":15,"column":92}},"9":{"start":{"line":16,"column":8},"end":{"line":16,"column":247}},"10":{"start":{"line":20,"column":23},"end":{"line":23,"column":2}},"11":{"start":{"line":25,"column":0},"end":{"line":32,"column":1}},"12":{"start":{"line":26,"column":19},"end":{"line":26,"column":91}},"13":{"start":{"line":27,"column":4},"end":{"line":31,"column":5}},"14":{"start":{"line":28,"column":8},"end":{"line":28,"column":14}},"15":{"start":{"line":30,"column":8},"end":{"line":30,"column":125}}},"fnMap":{"0":{"name":"(anonymous_0)","decl":{"start":{"line":10,"column":23},"end":{"line":10,"column":24}},"loc":{"start":{"line":10,"column":43},"end":{"line":18,"column":1}},"line":10},"1":{"name":"(anonymous_1)","decl":{"start":{"line":15,"column":74},"end":{"line":15,"column":75}},"loc":{"start":{"line":15,"column":81},"end":{"line":15,"column":92}},"line":15},"2":{"name":"(anonymous_2)","decl":{"start":{"line":25,"column":24},"end":{"line":25,"column":25}},"loc":{"start":{"line":25,"column":44},"end":{"line":32,"column":1}},"line":25}},"branchMap":{"0":{"loc":{"start":{"line":12,"column":4},"end":{"line":17,"column":5}},"type":"if","locations":[{"start":{"line":12,"column":4},"end":{"line":17,"column":5}},{"start":{"line":12,"column":4},"end":{"line":17,"column":5}}],"line":12},"1":{"loc":{"start":{"line":27,"column":4},"end":{"line":31,"column":5}},"type":"if","locations":[{"start":{"line":27,"column":4},"end":{"line":31,"column":5}},{"start":{"line":27,"column":4},"end":{"line":31,"column":5}}],"line":27}},"s":{"0":2,"1":2,"2":2,"3":2,"4":14,"5":14,"6":6,"7":8,"8":8,"9":8,"10":2,"11":2,"12":8,"13":8,"14":6,"15":2},"f":{"0":14,"1":8,"2":8},"b":{"0":[6,8],"1":[6,2]},"_coverageSchema":"1a1c01bbd47fc00a2c39e90264f33305004495a9","hash":"90188cd88dcc6df046fe2eab84610b45966a8d06"}
,"/Users/lizardo/Desktop/nodejs/disenio-apis-nodejs/config/index.js": {"path":"/Users/lizardo/Desktop/nodejs/disenio-apis-nodejs/config/index.js","statementMap":{"0":{"start":{"line":1,"column":20},"end":{"line":1,"column":57}},"1":{"start":{"line":3,"column":19},"end":{"line":7,"column":1}},"2":{"start":{"line":9,"column":24},"end":{"line":9,"column":26}},"3":{"start":{"line":11,"column":0},"end":{"line":27,"column":1}},"4":{"start":{"line":15,"column":8},"end":{"line":15,"column":44}},"5":{"start":{"line":16,"column":8},"end":{"line":16,"column":13}},"6":{"start":{"line":20,"column":8},"end":{"line":20,"column":45}},"7":{"start":{"line":21,"column":8},"end":{"line":21,"column":13}},"8":{"start":{"line":23,"column":8},"end":{"line":23,"column":45}},"9":{"start":{"line":24,"column":8},"end":{"line":24,"column":13}},"10":{"start":{"line":26,"column":8},"end":{"line":26,"column":44}},"11":{"start":{"line":29,"column":0},"end":{"line":31,"column":1}}},"fnMap":{},"branchMap":{"0":{"loc":{"start":{"line":1,"column":20},"end":{"line":1,"column":57}},"type":"binary-expr","locations":[{"start":{"line":1,"column":20},"end":{"line":1,"column":40}},{"start":{"line":1,"column":44},"end":{"line":1,"column":57}}],"line":1},"1":{"loc":{"start":{"line":11,"column":0},"end":{"line":27,"column":1}},"type":"switch","locations":[{"start":{"line":12,"column":4},"end":{"line":12,"column":23}},{"start":{"line":13,"column":4},"end":{"line":13,"column":15}},{"start":{"line":14,"column":4},"end":{"line":16,"column":13}},{"start":{"line":17,"column":4},"end":{"line":17,"column":22}},{"start":{"line":18,"column":4},"end":{"line":18,"column":16}},{"start":{"line":19,"column":4},"end":{"line":21,"column":13}},{"start":{"line":22,"column":4},"end":{"line":24,"column":13}},{"start":{"line":25,"column":4},"end":{"line":26,"column":44}}],"line":11}},"s":{"0":2,"1":2,"2":2,"3":2,"4":0,"5":0,"6":0,"7":0,"8":2,"9":2,"10":0,"11":2},"f":{},"b":{"0":[2,0],"1":[0,0,0,0,0,0,2,0]},"_coverageSchema":"1a1c01bbd47fc00a2c39e90264f33305004495a9","hash":"073961bbc097b854a700e50e2df86a2f5b52cabc"}
,"/Users/lizardo/Desktop/nodejs/disenio-apis-nodejs/config/test.js": {"path":"/Users/lizardo/Desktop/nodejs/disenio-apis-nodejs/config/test.js","statementMap":{"0":{"start":{"line":1,"column":0},"end":{"line":7,"column":1}}},"fnMap":{},"branchMap":{},"s":{"0":2},"f":{},"b":{},"_coverageSchema":"1a1c01bbd47fc00a2c39e90264f33305004495a9","hash":"72003995171d60eb0ebd06b612e06789745bfec7"}
,"/Users/lizardo/Desktop/nodejs/disenio-apis-nodejs/utils/logger.js": {"path":"/Users/lizardo/Desktop/nodejs/disenio-apis-nodejs/utils/logger.js","statementMap":{"0":{"start":{"line":1,"column":16},"end":{"line":1,"column":34}},"1":{"start":{"line":2,"column":15},"end":{"line":2,"column":35}},"2":{"start":{"line":16,"column":20},"end":{"line":19,"column":2}},"3":{"start":{"line":17,"column":4},"end":{"line":17,"column":64}},"4":{"start":{"line":18,"column":4},"end":{"line":18,"column":15}},"5":{"start":{"line":21,"column":15},"end":{"line":43,"column":2}},"6":{"start":{"line":45,"column":0},"end":{"line":45,"column":23}}},"fnMap":{"0":{"name":"(anonymous_0)","decl":{"start":{"line":16,"column":35},"end":{"line":16,"column":36}},"loc":{"start":{"line":16,"column":43},"end":{"line":19,"column":1}},"line":16}},"branchMap":{"0":{"loc":{"start":{"line":24,"column":19},"end":{"line":24,"column":58}},"type":"cond-expr","locations":[{"start":{"line":24,"column":41},"end":{"line":24,"column":48}},{"start":{"line":24,"column":51},"end":{"line":24,"column":58}}],"line":24}},"s":{"0":2,"1":2,"2":2,"3":67,"4":67,"5":2,"6":2},"f":{"0":67},"b":{"0":[2,0]},"_coverageSchema":"1a1c01bbd47fc00a2c39e90264f33305004495a9","hash":"028416b6bf0bc03f7d5b95759b308d94a493c127"}
}
