TN:
SF:index.js
FN:14,(anonymous_0)
FN:27,(anonymous_1)
FN:47,(anonymous_2)
FNF:3
FNH:2
FNDA:0,(anonymous_0)
FNDA:36,(anonymous_1)
FNDA:2,(anonymous_2)
DA:1,2
DA:2,2
DA:3,2
DA:4,2
DA:5,2
DA:6,2
DA:7,2
DA:9,2
DA:14,2
DA:15,0
DA:16,0
DA:19,2
DA:20,2
DA:21,2
DA:22,2
DA:23,2
DA:25,2
DA:27,36
DA:31,2
DA:33,2
DA:34,2
DA:36,2
DA:37,2
DA:39,2
DA:40,2
DA:41,0
DA:43,2
DA:47,2
DA:48,2
DA:49,2
DA:52,2
LF:31
LH:28
BRDA:40,0,0,0
BRDA:40,0,1,2
BRDA:48,1,0,0
BRDA:48,1,1,2
BRF:4
BRH:2
end_of_record
TN:
SF:api/libs/auth.js
FN:14,(anonymous_0)
FN:16,(anonymous_1)
FN:28,(anonymous_2)
FNF:3
FNH:2
FNDA:7,(anonymous_0)
FNDA:7,(anonymous_1)
FNDA:0,(anonymous_2)
DA:1,2
DA:2,2
DA:4,2
DA:5,2
DA:6,2
DA:9,2
DA:14,2
DA:15,7
DA:17,7
DA:18,0
DA:19,0
DA:22,7
DA:23,7
DA:29,0
DA:30,0
DA:34,2
LF:16
LH:12
BRDA:17,0,0,0
BRDA:17,0,1,7
BRF:2
BRH:1
end_of_record
TN:
SF:api/libs/errorHandler.js
FN:4,(anonymous_0)
FN:5,(anonymous_1)
FN:10,(anonymous_2)
FN:19,(anonymous_3)
FN:25,(anonymous_4)
FNF:5
FNH:4
FNDA:16,(anonymous_0)
FNDA:19,(anonymous_1)
FNDA:7,(anonymous_2)
FNDA:0,(anonymous_3)
FNDA:7,(anonymous_4)
DA:1,2
DA:2,2
DA:4,2
DA:5,16
DA:6,19
DA:10,2
DA:11,7
DA:12,0
DA:13,0
DA:14,0
DA:16,7
DA:19,2
DA:20,0
DA:21,0
DA:25,2
DA:26,7
DA:27,7
LF:17
LH:12
BRDA:11,0,0,0
BRDA:11,0,1,7
BRDA:11,1,0,7
BRDA:11,1,1,7
BRDA:20,2,0,0
BRDA:20,2,1,0
BRDA:26,3,0,7
BRDA:26,3,1,0
BRDA:29,4,0,7
BRDA:29,4,1,0
BRF:10
BRH:5
end_of_record
TN:
SF:api/resources/products/products.controller.js
FN:3,(anonymous_0)
FN:8,(anonymous_1)
FN:12,(anonymous_2)
FN:16,(anonymous_3)
FN:24,(anonymous_4)
FNF:5
FNH:2
FNDA:1,(anonymous_0)
FNDA:0,(anonymous_1)
FNDA:4,(anonymous_2)
FNDA:0,(anonymous_3)
FNDA:0,(anonymous_4)
DA:1,2
DA:3,2
DA:4,1
DA:8,2
DA:9,0
DA:12,2
DA:13,4
DA:16,2
DA:17,0
DA:24,2
DA:25,0
DA:28,2
LF:12
LH:9
BRF:0
BRH:0
end_of_record
TN:
SF:api/resources/products/products.errors.js
FN:2,(anonymous_0)
FN:11,(anonymous_1)
FNF:2
FNH:2
FNDA:2,(anonymous_0)
FNDA:1,(anonymous_1)
DA:3,2
DA:4,2
DA:5,2
DA:6,2
DA:12,1
DA:13,1
DA:14,1
DA:15,1
DA:19,2
LF:9
LH:9
BRDA:4,0,0,2
BRDA:4,0,1,0
BRDA:13,1,0,1
BRDA:13,1,1,0
BRF:4
BRH:2
end_of_record
TN:
SF:api/resources/products/products.model.js
FNF:0
FNH:0
DA:1,2
DA:3,2
DA:25,2
LF:3
LH:3
BRF:0
BRH:0
end_of_record
TN:
SF:api/resources/products/products.routes.js
FN:13,(anonymous_0)
FN:23,(anonymous_1)
FN:25,(anonymous_2)
FN:30,(anonymous_3)
FN:32,(anonymous_4)
FN:38,(anonymous_5)
FN:41,(anonymous_6)
FN:48,(anonymous_7)
FN:67,(anonymous_8)
FNF:9
FNH:6
FNDA:6,(anonymous_0)
FNDA:0,(anonymous_1)
FNDA:0,(anonymous_2)
FNDA:1,(anonymous_3)
FNDA:1,(anonymous_4)
FNDA:2,(anonymous_5)
FNDA:2,(anonymous_6)
FNDA:0,(anonymous_7)
FNDA:2,(anonymous_8)
DA:1,2
DA:2,2
DA:3,2
DA:5,2
DA:6,2
DA:7,2
DA:8,2
DA:9,2
DA:10,2
DA:11,2
DA:13,2
DA:14,6
DA:16,6
DA:17,2
DA:18,2
DA:20,4
DA:23,2
DA:24,0
DA:26,0
DA:30,2
DA:31,1
DA:33,1
DA:34,1
DA:38,2
DA:39,2
DA:40,2
DA:42,2
DA:43,1
DA:48,2
DA:49,0
DA:50,0
DA:52,0
DA:53,0
DA:54,0
DA:57,0
DA:58,0
DA:59,0
DA:62,0
DA:63,0
DA:64,0
DA:67,2
DA:68,2
DA:70,2
DA:71,2
DA:72,1
DA:73,1
DA:76,1
DA:77,1
DA:78,1
DA:79,1
DA:82,0
DA:83,0
DA:84,0
DA:88,2
LF:54
LH:38
BRDA:16,0,0,2
BRDA:16,0,1,4
BRDA:42,1,0,1
BRDA:42,1,1,1
BRDA:53,2,0,0
BRDA:53,2,1,0
BRDA:57,3,0,0
BRDA:57,3,1,0
BRDA:71,4,0,1
BRDA:71,4,1,1
BRDA:77,5,0,1
BRDA:77,5,1,0
BRF:12
BRH:7
end_of_record
TN:
SF:api/resources/products/products.validate.js
FN:10,(anonymous_0)
FN:15,(anonymous_1)
FNF:2
FNH:2
FNDA:4,(anonymous_0)
FNDA:3,(anonymous_1)
DA:1,2
DA:2,2
DA:4,2
DA:10,2
DA:11,4
DA:12,4
DA:13,1
DA:15,3
DA:16,3
DA:17,3
LF:10
LH:10
BRDA:12,0,0,1
BRDA:12,0,1,3
BRF:2
BRH:2
end_of_record
TN:
SF:api/resources/users/users.controller.js
FN:3,(anonymous_0)
FN:7,(anonymous_1)
FN:14,(anonymous_2)
FN:15,(anonymous_3)
FN:17,(anonymous_4)
FN:18,(anonymous_5)
FN:22,(anonymous_6)
FNF:7
FNH:6
FNDA:2,(anonymous_0)
FNDA:4,(anonymous_1)
FNDA:6,(anonymous_2)
FNDA:6,(anonymous_3)
FNDA:6,(anonymous_4)
FNDA:0,(anonymous_5)
FNDA:13,(anonymous_6)
DA:1,2
DA:3,2
DA:4,2
DA:7,2
DA:8,4
DA:14,2
DA:15,6
DA:16,6
DA:17,6
DA:18,0
DA:22,2
DA:23,13
DA:24,7
DA:25,0
DA:26,0
DA:29,2
LF:16
LH:13
BRDA:23,0,0,6
BRDA:23,0,1,7
BRDA:24,1,0,7
BRDA:24,1,1,0
BRDA:25,2,0,0
BRDA:25,2,1,0
BRF:6
BRH:3
end_of_record
TN:
SF:api/resources/users/users.errors.js
FN:2,(anonymous_0)
FN:11,(anonymous_1)
FNF:2
FNH:2
FNDA:2,(anonymous_0)
FNDA:2,(anonymous_1)
DA:3,2
DA:4,2
DA:5,2
DA:6,2
DA:12,2
DA:13,2
DA:14,2
DA:15,2
DA:19,2
LF:9
LH:9
BRDA:4,0,0,2
BRDA:4,0,1,2
BRDA:13,1,0,2
BRDA:13,1,1,2
BRF:4
BRH:4
end_of_record
TN:
SF:api/resources/users/users.model.js
FNF:0
FNH:0
DA:1,2
DA:3,2
DA:21,2
LF:3
LH:3
BRF:0
BRH:0
end_of_record
TN:
SF:api/resources/users/users.routes.js
FN:14,(anonymous_0)
FN:20,(anonymous_1)
FN:22,(anonymous_2)
FN:27,(anonymous_3)
FN:30,(anonymous_4)
FN:37,(anonymous_5)
FN:39,(anonymous_6)
FN:45,(anonymous_7)
FNF:8
FNH:8
FNDA:12,(anonymous_0)
FNDA:2,(anonymous_1)
FNDA:2,(anonymous_2)
FNDA:6,(anonymous_3)
FNDA:6,(anonymous_4)
FNDA:4,(anonymous_5)
FNDA:4,(anonymous_6)
FNDA:6,(anonymous_7)
DA:1,2
DA:2,2
DA:3,2
DA:4,2
DA:5,2
DA:6,2
DA:7,2
DA:8,2
DA:9,2
DA:10,2
DA:11,2
DA:14,2
DA:15,12
DA:16,12
DA:17,12
DA:20,2
DA:21,2
DA:23,2
DA:27,2
DA:28,6
DA:29,6
DA:31,6
DA:32,2
DA:33,2
DA:35,4
DA:38,4
DA:40,4
DA:45,2
DA:46,6
DA:47,6
DA:51,6
DA:52,1
DA:53,1
DA:56,5
DA:57,5
DA:59,4
DA:62,4
DA:63,4
DA:66,1
DA:67,1
DA:72,2
LF:41
LH:41
BRDA:15,0,0,12
BRDA:15,0,1,12
BRDA:16,1,0,12
BRDA:16,1,1,6
BRDA:31,2,0,2
BRDA:31,2,1,4
BRDA:51,3,0,1
BRDA:51,3,1,5
BRDA:57,4,0,4
BRDA:57,4,1,1
BRF:10
BRH:10
end_of_record
TN:
SF:api/resources/users/users.validate.js
FN:10,(anonymous_0)
FN:15,(anonymous_1)
FN:25,(anonymous_2)
FNF:3
FNH:3
FNDA:14,(anonymous_0)
FNDA:8,(anonymous_1)
FNDA:8,(anonymous_2)
DA:1,2
DA:2,2
DA:4,2
DA:10,2
DA:11,14
DA:12,14
DA:13,6
DA:15,8
DA:16,8
DA:20,2
DA:25,2
DA:26,8
DA:27,8
DA:28,6
DA:30,2
LF:15
LH:15
BRDA:12,0,0,6
BRDA:12,0,1,8
BRDA:27,1,0,6
BRDA:27,1,1,2
BRF:4
BRH:4
end_of_record
TN:
SF:config/index.js
FNF:0
FNH:0
DA:1,2
DA:3,2
DA:9,2
DA:11,2
DA:15,0
DA:16,0
DA:20,0
DA:21,0
DA:23,2
DA:24,2
DA:26,0
DA:29,2
LF:12
LH:7
BRDA:1,0,0,2
BRDA:1,0,1,0
BRDA:11,1,0,0
BRDA:11,1,1,0
BRDA:11,1,2,0
BRDA:11,1,3,0
BRDA:11,1,4,0
BRDA:11,1,5,0
BRDA:11,1,6,2
BRDA:11,1,7,0
BRF:10
BRH:2
end_of_record
TN:
SF:config/test.js
FNF:0
FNH:0
DA:1,2
LF:1
LH:1
BRF:0
BRH:0
end_of_record
TN:
SF:utils/logger.js
FN:16,(anonymous_0)
FNF:1
FNH:1
FNDA:67,(anonymous_0)
DA:1,2
DA:2,2
DA:16,2
DA:17,67
DA:18,67
DA:21,2
DA:45,2
LF:7
LH:7
BRDA:24,0,0,2
BRDA:24,0,1,0
BRF:2
BRH:1
end_of_record
